{"/home/travis/build/npmtest/node-npmtest-squel/test.js":{"path":"/home/travis/build/npmtest/node-npmtest-squel/test.js","s":{"1":2,"2":2,"3":2,"4":2,"5":2,"6":2,"7":2,"8":1,"9":2,"10":2,"11":1,"12":1,"13":1,"14":1,"15":2,"16":2,"17":2,"18":2,"19":1,"20":1,"21":2,"22":2,"23":2,"24":1,"25":1,"26":1,"27":1,"28":1,"29":1,"30":1,"31":1,"32":1,"33":1,"34":1,"35":1,"36":1,"37":1,"38":1,"39":2,"40":2,"41":1,"42":2,"43":2,"44":1,"45":2,"46":2,"47":1,"48":2,"49":2,"50":1,"51":1,"52":1,"53":1,"54":1},"b":{"1":[2,1,1,1],"2":[1,1,1,1],"3":[1,1],"4":[1,1],"5":[1,1],"6":[1,1],"7":[1,1],"8":[1,1],"9":[1,1],"10":[1,1,1],"11":[1,1],"12":[1,1],"13":[1,1],"14":[1,1],"15":[1,1],"16":[1,1],"17":[1,1]},"f":{"1":2,"2":2,"3":2,"4":2,"5":2,"6":1,"7":1,"8":1,"9":2,"10":2,"11":2,"12":2,"13":1},"fnMap":{"1":{"name":"(anonymous_1)","line":12,"loc":{"start":{"line":12,"column":1},"end":{"line":12,"column":13}}},"2":{"name":"(anonymous_2)","line":19,"loc":{"start":{"line":19,"column":5},"end":{"line":19,"column":17}}},"3":{"name":"(anonymous_3)","line":23,"loc":{"start":{"line":23,"column":24},"end":{"line":23,"column":36}}},"4":{"name":"(anonymous_4)","line":61,"loc":{"start":{"line":61,"column":5},"end":{"line":61,"column":17}}},"5":{"name":"(anonymous_5)","line":82,"loc":{"start":{"line":82,"column":5},"end":{"line":82,"column":17}}},"6":{"name":"(anonymous_6)","line":91,"loc":{"start":{"line":91,"column":77},"end":{"line":94,"column":10}}},"7":{"name":"(anonymous_7)","line":112,"loc":{"start":{"line":112,"column":83},"end":{"line":115,"column":10}},"skip":true},"8":{"name":"(anonymous_8)","line":123,"loc":{"start":{"line":123,"column":77},"end":{"line":126,"column":10}},"skip":true},"9":{"name":"(anonymous_9)","line":139,"loc":{"start":{"line":139,"column":12},"end":{"line":139,"column":40}},"skip":true},"10":{"name":"(anonymous_10)","line":147,"loc":{"start":{"line":147,"column":77},"end":{"line":150,"column":10}},"skip":true},"11":{"name":"(anonymous_11)","line":158,"loc":{"start":{"line":158,"column":83},"end":{"line":161,"column":10}},"skip":true},"12":{"name":"(anonymous_12)","line":169,"loc":{"start":{"line":169,"column":79},"end":{"line":172,"column":10}},"skip":true},"13":{"name":"(anonymous_13)","line":180,"loc":{"start":{"line":180,"column":75},"end":{"line":183,"column":10}},"skip":true}},"statementMap":{"1":{"start":{"line":12,"column":0},"end":{"line":195,"column":5}},"2":{"start":{"line":14,"column":4},"end":{"line":14,"column":14}},"3":{"start":{"line":19,"column":4},"end":{"line":56,"column":9}},"4":{"start":{"line":21,"column":8},"end":{"line":21,"column":19}},"5":{"start":{"line":23,"column":8},"end":{"line":35,"column":13}},"6":{"start":{"line":24,"column":12},"end":{"line":34,"column":13}},"7":{"start":{"line":25,"column":16},"end":{"line":28,"column":30}},"8":{"start":{"line":30,"column":16},"end":{"line":33,"column":27}},"9":{"start":{"line":37,"column":8},"end":{"line":39,"column":21}},"10":{"start":{"line":40,"column":8},"end":{"line":53,"column":9}},"11":{"start":{"line":43,"column":12},"end":{"line":46,"column":14}},"12":{"start":{"line":47,"column":12},"end":{"line":47,"column":18}},"13":{"start":{"line":50,"column":12},"end":{"line":51,"column":33}},"14":{"start":{"line":52,"column":12},"end":{"line":52,"column":18}},"15":{"start":{"line":55,"column":8},"end":{"line":55,"column":35}},"16":{"start":{"line":61,"column":4},"end":{"line":63,"column":9}},"17":{"start":{"line":62,"column":8},"end":{"line":62,"column":15}},"18":{"start":{"line":64,"column":4},"end":{"line":77,"column":5}},"19":{"start":{"line":70,"column":8},"end":{"line":70,"column":14}},"20":{"start":{"line":76,"column":8},"end":{"line":76,"column":14}},"21":{"start":{"line":82,"column":4},"end":{"line":84,"column":9}},"22":{"start":{"line":83,"column":8},"end":{"line":83,"column":15}},"23":{"start":{"line":85,"column":4},"end":{"line":194,"column":5}},"24":{"start":{"line":91,"column":8},"end":{"line":99,"column":10}},"25":{"start":{"line":98,"column":12},"end":{"line":98,"column":35}},"26":{"start":{"line":102,"column":8},"end":{"line":104,"column":63}},"27":{"start":{"line":105,"column":8},"end":{"line":105,"column":14}},"28":{"start":{"line":112,"column":8},"end":{"line":121,"column":10},"skip":true},"29":{"start":{"line":119,"column":12},"end":{"line":119,"column":55},"skip":true},"30":{"start":{"line":120,"column":12},"end":{"line":120,"column":48},"skip":true},"31":{"start":{"line":123,"column":8},"end":{"line":136,"column":10},"skip":true},"32":{"start":{"line":130,"column":12},"end":{"line":130,"column":76},"skip":true},"33":{"start":{"line":131,"column":12},"end":{"line":131,"column":73},"skip":true},"34":{"start":{"line":132,"column":12},"end":{"line":132,"column":74},"skip":true},"35":{"start":{"line":133,"column":12},"end":{"line":133,"column":79},"skip":true},"36":{"start":{"line":134,"column":12},"end":{"line":134,"column":25},"skip":true},"37":{"start":{"line":135,"column":12},"end":{"line":135,"column":45},"skip":true},"38":{"start":{"line":138,"column":8},"end":{"line":145,"column":14},"skip":true},"39":{"start":{"line":143,"column":16},"end":{"line":143,"column":29},"skip":true},"40":{"start":{"line":144,"column":16},"end":{"line":144,"column":55},"skip":true},"41":{"start":{"line":147,"column":8},"end":{"line":156,"column":10},"skip":true},"42":{"start":{"line":154,"column":12},"end":{"line":154,"column":25},"skip":true},"43":{"start":{"line":155,"column":12},"end":{"line":155,"column":45},"skip":true},"44":{"start":{"line":158,"column":8},"end":{"line":167,"column":10},"skip":true},"45":{"start":{"line":165,"column":12},"end":{"line":165,"column":25},"skip":true},"46":{"start":{"line":166,"column":12},"end":{"line":166,"column":48},"skip":true},"47":{"start":{"line":169,"column":8},"end":{"line":178,"column":10},"skip":true},"48":{"start":{"line":176,"column":12},"end":{"line":176,"column":25},"skip":true},"49":{"start":{"line":177,"column":12},"end":{"line":177,"column":46},"skip":true},"50":{"start":{"line":180,"column":8},"end":{"line":189,"column":10},"skip":true},"51":{"start":{"line":187,"column":12},"end":{"line":187,"column":94},"skip":true},"52":{"start":{"line":188,"column":12},"end":{"line":188,"column":48},"skip":true},"53":{"start":{"line":192,"column":8},"end":{"line":192,"column":35},"skip":true},"54":{"start":{"line":193,"column":8},"end":{"line":193,"column":14},"skip":true}},"branchMap":{"1":{"line":25,"type":"binary-expr","locations":[{"start":{"line":25,"column":23},"end":{"line":25,"column":62}},{"start":{"line":26,"column":20},"end":{"line":26,"column":70}},{"start":{"line":27,"column":20},"end":{"line":27,"column":71}},{"start":{"line":28,"column":20},"end":{"line":28,"column":29}}]},"2":{"line":30,"type":"binary-expr","locations":[{"start":{"line":30,"column":23},"end":{"line":30,"column":37}},{"start":{"line":31,"column":20},"end":{"line":31,"column":61}},{"start":{"line":32,"column":20},"end":{"line":32,"column":70}},{"start":{"line":33,"column":20},"end":{"line":33,"column":26}}]},"3":{"line":37,"type":"cond-expr","locations":[{"start":{"line":38,"column":14},"end":{"line":38,"column":20}},{"start":{"line":39,"column":14},"end":{"line":39,"column":20}}]},"4":{"line":40,"type":"switch","locations":[{"start":{"line":42,"column":8},"end":{"line":47,"column":18}},{"start":{"line":49,"column":8},"end":{"line":52,"column":18}}]},"5":{"line":44,"type":"binary-expr","locations":[{"start":{"line":44,"column":16},"end":{"line":44,"column":44}},{"start":{"line":44,"column":48},"end":{"line":44,"column":66}}]},"6":{"line":50,"type":"binary-expr","locations":[{"start":{"line":50,"column":21},"end":{"line":50,"column":49}},{"start":{"line":50,"column":53},"end":{"line":50,"column":72}}]},"7":{"line":64,"type":"switch","locations":[{"start":{"line":69,"column":4},"end":{"line":70,"column":14}},{"start":{"line":75,"column":4},"end":{"line":76,"column":14}}]},"8":{"line":85,"type":"switch","locations":[{"start":{"line":90,"column":4},"end":{"line":105,"column":14}},{"start":{"line":111,"column":4},"end":{"line":193,"column":14},"skip":true}]},"9":{"line":91,"type":"binary-expr","locations":[{"start":{"line":91,"column":42},"end":{"line":91,"column":73}},{"start":{"line":91,"column":77},"end":{"line":99,"column":9}}]},"10":{"line":102,"type":"binary-expr","locations":[{"start":{"line":102,"column":18},"end":{"line":102,"column":32}},{"start":{"line":103,"column":12},"end":{"line":103,"column":53}},{"start":{"line":104,"column":12},"end":{"line":104,"column":61}}]},"11":{"line":112,"type":"binary-expr","locations":[{"start":{"line":112,"column":45},"end":{"line":112,"column":79},"skip":true},{"start":{"line":112,"column":83},"end":{"line":121,"column":9},"skip":true}]},"12":{"line":123,"type":"binary-expr","locations":[{"start":{"line":123,"column":42},"end":{"line":123,"column":73},"skip":true},{"start":{"line":123,"column":77},"end":{"line":136,"column":9},"skip":true}]},"13":{"line":138,"type":"binary-expr","locations":[{"start":{"line":138,"column":48},"end":{"line":138,"column":85},"skip":true},{"start":{"line":139,"column":12},"end":{"line":145,"column":13},"skip":true}]},"14":{"line":147,"type":"binary-expr","locations":[{"start":{"line":147,"column":42},"end":{"line":147,"column":73},"skip":true},{"start":{"line":147,"column":77},"end":{"line":156,"column":9},"skip":true}]},"15":{"line":158,"type":"binary-expr","locations":[{"start":{"line":158,"column":45},"end":{"line":158,"column":79},"skip":true},{"start":{"line":158,"column":83},"end":{"line":167,"column":9},"skip":true}]},"16":{"line":169,"type":"binary-expr","locations":[{"start":{"line":169,"column":43},"end":{"line":169,"column":75},"skip":true},{"start":{"line":169,"column":79},"end":{"line":178,"column":9},"skip":true}]},"17":{"line":180,"type":"binary-expr","locations":[{"start":{"line":180,"column":41},"end":{"line":180,"column":71},"skip":true},{"start":{"line":180,"column":75},"end":{"line":189,"column":9},"skip":true}]}},"code":["/* istanbul instrument in package npmtest_squel */","/*jslint","    bitwise: true,","    browser: true,","    maxerr: 8,","    maxlen: 96,","    node: true,","    nomen: true,","    regexp: true,","    stupid: true","*/","(function () {","    'use strict';","    var local;","","","","    // run shared js-env code - pre-init","    (function () {","        // init local","        local = {};","        // init modeJs","        local.modeJs = (function () {","            try {","                return typeof navigator.userAgent === 'string' &&","                    typeof document.querySelector('body') === 'object' &&","                    typeof XMLHttpRequest.prototype.open === 'function' &&","                    'browser';","            } catch (errorCaughtBrowser) {","                return module.exports &&","                    typeof process.versions.node === 'string' &&","                    typeof require('http').createServer === 'function' &&","                    'node';","            }","        }());","        // init global","        local.global = local.modeJs === 'browser'","            ? window","            : global;","        switch (local.modeJs) {","        // re-init local from window.local","        case 'browser':","            local = local.global.utility2.objectSetDefault(","                local.global.utility2_rollup || local.global.local,","                local.global.utility2","            );","            break;","        // re-init local from example.js","        case 'node':","            local = (local.global.utility2_rollup || require('utility2'))","                .requireReadme();","            break;","        }","        // export local","        local.global.local = local;","    }());","","","","    // run shared js-env code - function","    (function () {","        return;","    }());","    switch (local.modeJs) {","","","","    // run browser js-env code - function","    case 'browser':","        break;","","","","    // run node js-env code - function","    case 'node':","        break;","    }","","","","    // run shared js-env code - post-init","    (function () {","        return;","    }());","    switch (local.modeJs) {","","","","    // run browser js-env code - post-init","    case 'browser':","        local.testCase_browser_nullCase = local.testCase_browser_nullCase || function (","            options,","            onError","        ) {","        /*","         * this function will test browsers's null-case handling-behavior-behavior","         */","            onError(null, options);","        };","","        // run tests","        local.nop(local.modeTest &&","            document.querySelector('#testRunButton1') &&","            document.querySelector('#testRunButton1').click());","        break;","","","","    // run node js-env code - post-init","    /* istanbul ignore next */","    case 'node':","        local.testCase_buildApidoc_default = local.testCase_buildApidoc_default || function (","            options,","            onError","        ) {","        /*","         * this function will test buildApidoc's default handling-behavior-behavior","         */","            options = { modulePathList: module.paths };","            local.buildApidoc(options, onError);","        };","","        local.testCase_buildApp_default = local.testCase_buildApp_default || function (","            options,","            onError","        ) {","        /*","         * this function will test buildApp's default handling-behavior-behavior","         */","            local.testCase_buildReadme_default(options, local.onErrorThrow);","            local.testCase_buildLib_default(options, local.onErrorThrow);","            local.testCase_buildTest_default(options, local.onErrorThrow);","            local.testCase_buildCustomOrg_default(options, local.onErrorThrow);","            options = [];","            local.buildApp(options, onError);","        };","","        local.testCase_buildCustomOrg_default = local.testCase_buildCustomOrg_default ||","            function (options, onError) {","            /*","             * this function will test buildCustomOrg's default handling-behavior","             */","                options = {};","                local.buildCustomOrg(options, onError);","            };","","        local.testCase_buildLib_default = local.testCase_buildLib_default || function (","            options,","            onError","        ) {","        /*","         * this function will test buildLib's default handling-behavior","         */","            options = {};","            local.buildLib(options, onError);","        };","","        local.testCase_buildReadme_default = local.testCase_buildReadme_default || function (","            options,","            onError","        ) {","        /*","         * this function will test buildReadme's default handling-behavior-behavior","         */","            options = {};","            local.buildReadme(options, onError);","        };","","        local.testCase_buildTest_default = local.testCase_buildTest_default || function (","            options,","            onError","        ) {","        /*","         * this function will test buildTest's default handling-behavior","         */","            options = {};","            local.buildTest(options, onError);","        };","","        local.testCase_webpage_default = local.testCase_webpage_default || function (","            options,","            onError","        ) {","        /*","         * this function will test webpage's default handling-behavior","         */","            options = { modeCoverageMerge: true, url: local.serverLocalHost + '?modeTest=1' };","            local.browserTest(options, onError);","        };","","        // run test-server","        local.testRunServer(local);","        break;","    }","}());",""],"l":{"12":2,"14":2,"19":2,"21":2,"23":2,"24":2,"25":2,"30":1,"37":2,"40":2,"43":1,"47":1,"50":1,"52":1,"55":2,"61":2,"62":2,"64":2,"70":1,"76":1,"82":2,"83":2,"85":2,"91":1,"98":1,"102":1,"105":1,"112":1,"119":1,"120":1,"123":1,"130":1,"131":1,"132":1,"133":1,"134":1,"135":1,"138":1,"143":2,"144":2,"147":1,"154":2,"155":2,"158":1,"165":2,"166":2,"169":1,"176":2,"177":2,"180":1,"187":1,"188":1,"192":1,"193":1}},"/home/travis/build/npmtest/node-npmtest-squel/lib.npmtest_squel.js":{"path":"/home/travis/build/npmtest/node-npmtest-squel/lib.npmtest_squel.js","s":{"1":2,"2":2,"3":2,"4":2,"5":2,"6":2,"7":2,"8":1,"9":2,"10":2,"11":2,"12":2,"13":1,"14":1,"15":1,"16":1},"b":{"1":[2,1,1,1],"2":[1,1,1,1],"3":[1,1],"4":[2,2],"5":[1,1]},"f":{"1":2,"2":2,"3":2},"fnMap":{"1":{"name":"(anonymous_1)","line":12,"loc":{"start":{"line":12,"column":1},"end":{"line":12,"column":13}}},"2":{"name":"(anonymous_2)","line":19,"loc":{"start":{"line":19,"column":5},"end":{"line":19,"column":17}}},"3":{"name":"(anonymous_3)","line":23,"loc":{"start":{"line":23,"column":24},"end":{"line":23,"column":36}}}},"statementMap":{"1":{"start":{"line":12,"column":0},"end":{"line":53,"column":5}},"2":{"start":{"line":14,"column":4},"end":{"line":14,"column":14}},"3":{"start":{"line":19,"column":4},"end":{"line":52,"column":9}},"4":{"start":{"line":21,"column":8},"end":{"line":21,"column":19}},"5":{"start":{"line":23,"column":8},"end":{"line":35,"column":13}},"6":{"start":{"line":24,"column":12},"end":{"line":34,"column":13}},"7":{"start":{"line":25,"column":16},"end":{"line":28,"column":30}},"8":{"start":{"line":30,"column":16},"end":{"line":33,"column":27}},"9":{"start":{"line":37,"column":8},"end":{"line":39,"column":21}},"10":{"start":{"line":41,"column":8},"end":{"line":41,"column":54}},"11":{"start":{"line":43,"column":8},"end":{"line":43,"column":50}},"12":{"start":{"line":45,"column":8},"end":{"line":51,"column":9}},"13":{"start":{"line":46,"column":12},"end":{"line":46,"column":56}},"14":{"start":{"line":48,"column":12},"end":{"line":48,"column":35}},"15":{"start":{"line":49,"column":12},"end":{"line":49,"column":49}},"16":{"start":{"line":50,"column":12},"end":{"line":50,"column":43}}},"branchMap":{"1":{"line":25,"type":"binary-expr","locations":[{"start":{"line":25,"column":23},"end":{"line":25,"column":62}},{"start":{"line":26,"column":20},"end":{"line":26,"column":70}},{"start":{"line":27,"column":20},"end":{"line":27,"column":71}},{"start":{"line":28,"column":20},"end":{"line":28,"column":29}}]},"2":{"line":30,"type":"binary-expr","locations":[{"start":{"line":30,"column":23},"end":{"line":30,"column":37}},{"start":{"line":31,"column":20},"end":{"line":31,"column":61}},{"start":{"line":32,"column":20},"end":{"line":32,"column":70}},{"start":{"line":33,"column":20},"end":{"line":33,"column":26}}]},"3":{"line":37,"type":"cond-expr","locations":[{"start":{"line":38,"column":14},"end":{"line":38,"column":20}},{"start":{"line":39,"column":14},"end":{"line":39,"column":20}}]},"4":{"line":41,"type":"binary-expr","locations":[{"start":{"line":41,"column":16},"end":{"line":41,"column":44}},{"start":{"line":41,"column":48},"end":{"line":41,"column":53}}]},"5":{"line":45,"type":"if","locations":[{"start":{"line":45,"column":8},"end":{"line":45,"column":8}},{"start":{"line":45,"column":8},"end":{"line":45,"column":8}}]}},"code":["/* istanbul instrument in package npmtest_squel */","/*jslint","    bitwise: true,","    browser: true,","    maxerr: 8,","    maxlen: 96,","    node: true,","    nomen: true,","    regexp: true,","    stupid: true","*/","(function () {","    'use strict';","    var local;","","","","    // run shared js-env code - pre-init","    (function () {","        // init local","        local = {};","        // init modeJs","        local.modeJs = (function () {","            try {","                return typeof navigator.userAgent === 'string' &&","                    typeof document.querySelector('body') === 'object' &&","                    typeof XMLHttpRequest.prototype.open === 'function' &&","                    'browser';","            } catch (errorCaughtBrowser) {","                return module.exports &&","                    typeof process.versions.node === 'string' &&","                    typeof require('http').createServer === 'function' &&","                    'node';","            }","        }());","        // init global","        local.global = local.modeJs === 'browser'","            ? window","            : global;","        // init utility2_rollup","        local = local.global.utility2_rollup || local;","        // init lib","        local.local = local.npmtest_squel = local;","        // init exports","        if (local.modeJs === 'browser') {","            local.global.utility2_npmtest_squel = local;","        } else {","            module.exports = local;","            module.exports.__dirname = __dirname;","            module.exports.module = module;","        }","    }());","}());",""],"l":{"12":2,"14":2,"19":2,"21":2,"23":2,"24":2,"25":2,"30":1,"37":2,"41":2,"43":2,"45":2,"46":1,"48":1,"49":1,"50":1}},"/home/travis/build/npmtest/node-npmtest-squel/example.js":{"path":"/home/travis/build/npmtest/node-npmtest-squel/example.js","s":{"1":2,"2":2,"3":2,"4":2,"5":2,"6":2,"7":2,"8":1,"9":2,"10":2,"11":2,"12":2,"13":1,"14":2,"15":2,"16":2,"17":2,"18":2,"19":0,"20":2,"21":1,"22":1,"23":1,"24":1,"25":1,"26":0,"27":0,"28":1,"29":1,"30":2,"31":0,"32":0,"33":0,"34":1,"35":2,"36":2,"37":3,"38":3,"39":3,"40":3,"41":0,"42":3,"43":3,"44":3,"45":1,"46":3,"47":1,"48":1,"49":1,"50":1,"51":1,"52":1,"53":1,"54":1,"55":1,"56":1,"57":0,"58":1,"59":6,"60":6,"61":1,"62":2,"63":0,"64":2,"65":1,"66":1,"67":0,"68":0,"69":0,"70":0,"71":0,"72":0,"73":0,"74":0,"75":0,"76":0,"77":0,"78":0,"79":0,"80":0,"81":0,"82":0,"83":0},"b":{"1":[2,1,1,1],"2":[1,1,1,1],"3":[1,1],"4":[2,2],"5":[1,1],"6":[1,1],"7":[2,0],"8":[2,1,1,1,1,1],"9":[0,2,0],"10":[1,1],"11":[2,1,1],"12":[1,0],"13":[0,2],"14":[2,0,0,0,0,0,0],"15":[0,3],"16":[3,0],"17":[1,1],"18":[0,1],"19":[1,2,0,2],"20":[1,0],"21":[1,1],"22":[0,0],"23":[0,0],"24":[0,0],"25":[0,0],"26":[0,0],"27":[0,0],"28":[0,0]},"f":{"1":2,"2":2,"3":2,"4":2,"5":2,"6":2,"7":3,"8":3,"9":3,"10":1,"11":6,"12":0},"fnMap":{"1":{"name":"(anonymous_1)","line":26,"loc":{"start":{"line":26,"column":1},"end":{"line":26,"column":13}}},"2":{"name":"(anonymous_2)","line":33,"loc":{"start":{"line":33,"column":5},"end":{"line":33,"column":17}}},"3":{"name":"(anonymous_3)","line":37,"loc":{"start":{"line":37,"column":24},"end":{"line":37,"column":36}}},"4":{"name":"(anonymous_4)","line":69,"loc":{"start":{"line":69,"column":31},"end":{"line":69,"column":48}},"skip":true},"5":{"name":"(anonymous_5)","line":78,"loc":{"start":{"line":78,"column":26},"end":{"line":78,"column":45}},"skip":true},"6":{"name":"(anonymous_6)","line":123,"loc":{"start":{"line":123,"column":33},"end":{"line":123,"column":48}},"skip":true},"7":{"name":"(anonymous_7)","line":125,"loc":{"start":{"line":125,"column":27},"end":{"line":125,"column":39}},"skip":true},"8":{"name":"(anonymous_8)","line":133,"loc":{"start":{"line":133,"column":59},"end":{"line":133,"column":74}},"skip":true},"9":{"name":"(anonymous_9)","line":143,"loc":{"start":{"line":143,"column":45},"end":{"line":143,"column":62}},"skip":true},"10":{"name":"(anonymous_10)","line":144,"loc":{"start":{"line":144,"column":73},"end":{"line":144,"column":92}},"skip":true},"11":{"name":"(anonymous_11)","line":272,"loc":{"start":{"line":272,"column":51},"end":{"line":272,"column":77}},"skip":true},"12":{"name":"(anonymous_12)","line":315,"loc":{"start":{"line":315,"column":32},"end":{"line":315,"column":61}},"skip":true}},"statementMap":{"1":{"start":{"line":26,"column":0},"end":{"line":326,"column":5}},"2":{"start":{"line":28,"column":4},"end":{"line":28,"column":14}},"3":{"start":{"line":33,"column":4},"end":{"line":60,"column":9}},"4":{"start":{"line":35,"column":8},"end":{"line":35,"column":19}},"5":{"start":{"line":37,"column":8},"end":{"line":49,"column":13}},"6":{"start":{"line":38,"column":12},"end":{"line":48,"column":13}},"7":{"start":{"line":39,"column":16},"end":{"line":42,"column":30}},"8":{"start":{"line":44,"column":16},"end":{"line":47,"column":27}},"9":{"start":{"line":51,"column":8},"end":{"line":53,"column":21}},"10":{"start":{"line":55,"column":8},"end":{"line":57,"column":45}},"11":{"start":{"line":59,"column":8},"end":{"line":59,"column":35}},"12":{"start":{"line":61,"column":4},"end":{"line":325,"column":5}},"13":{"start":{"line":69,"column":8},"end":{"line":121,"column":10},"skip":true},"14":{"start":{"line":70,"column":12},"end":{"line":88,"column":13},"skip":true},"15":{"start":{"line":76,"column":16},"end":{"line":87,"column":19},"skip":true},"16":{"start":{"line":79,"column":20},"end":{"line":86,"column":21},"skip":true},"17":{"start":{"line":82,"column":24},"end":{"line":82,"column":43},"skip":true},"18":{"start":{"line":83,"column":24},"end":{"line":83,"column":30},"skip":true},"19":{"start":{"line":85,"column":24},"end":{"line":85,"column":49},"skip":true},"20":{"start":{"line":89,"column":12},"end":{"line":107,"column":13},"skip":true},"21":{"start":{"line":92,"column":16},"end":{"line":102,"column":17},"skip":true},"22":{"start":{"line":93,"column":20},"end":{"line":93,"column":86},"skip":true},"23":{"start":{"line":94,"column":20},"end":{"line":95,"column":45},"skip":true},"24":{"start":{"line":96,"column":20},"end":{"line":96,"column":42},"skip":true},"25":{"start":{"line":97,"column":20},"end":{"line":97,"column":48},"skip":true},"26":{"start":{"line":100,"column":20},"end":{"line":100,"column":85},"skip":true},"27":{"start":{"line":101,"column":20},"end":{"line":101,"column":96},"skip":true},"28":{"start":{"line":103,"column":16},"end":{"line":103,"column":22},"skip":true},"29":{"start":{"line":106,"column":16},"end":{"line":106,"column":22},"skip":true},"30":{"start":{"line":108,"column":12},"end":{"line":120,"column":13},"skip":true},"31":{"start":{"line":114,"column":16},"end":{"line":119,"column":17},"skip":true},"32":{"start":{"line":116,"column":20},"end":{"line":116,"column":78},"skip":true},"33":{"start":{"line":118,"column":20},"end":{"line":118,"column":47},"skip":true},"34":{"start":{"line":123,"column":8},"end":{"line":141,"column":11},"skip":true},"35":{"start":{"line":124,"column":12},"end":{"line":124,"column":54},"skip":true},"36":{"start":{"line":125,"column":12},"end":{"line":140,"column":14},"skip":true},"37":{"start":{"line":126,"column":16},"end":{"line":126,"column":28},"skip":true},"38":{"start":{"line":127,"column":16},"end":{"line":127,"column":69},"skip":true},"39":{"start":{"line":128,"column":16},"end":{"line":128,"column":75},"skip":true},"40":{"start":{"line":129,"column":16},"end":{"line":131,"column":17},"skip":true},"41":{"start":{"line":130,"column":20},"end":{"line":130,"column":27},"skip":true},"42":{"start":{"line":133,"column":16},"end":{"line":137,"column":36},"skip":true},"43":{"start":{"line":134,"column":20},"end":{"line":136,"column":55},"skip":true},"44":{"start":{"line":139,"column":16},"end":{"line":139,"column":57},"skip":true},"45":{"start":{"line":143,"column":8},"end":{"line":147,"column":11},"skip":true},"46":{"start":{"line":144,"column":12},"end":{"line":146,"column":15},"skip":true},"47":{"start":{"line":145,"column":16},"end":{"line":145,"column":70},"skip":true},"48":{"start":{"line":149,"column":8},"end":{"line":149,"column":31},"skip":true},"49":{"start":{"line":150,"column":8},"end":{"line":150,"column":14},"skip":true},"50":{"start":{"line":158,"column":8},"end":{"line":158,"column":31},"skip":true},"51":{"start":{"line":160,"column":8},"end":{"line":160,"column":33},"skip":true},"52":{"start":{"line":161,"column":8},"end":{"line":161,"column":37},"skip":true},"53":{"start":{"line":162,"column":8},"end":{"line":162,"column":35},"skip":true},"54":{"start":{"line":164,"column":8},"end":{"line":164,"column":50},"skip":true},"55":{"start":{"line":166,"column":8},"end":{"line":256,"column":2},"skip":true},"56":{"start":{"line":258,"column":8},"end":{"line":286,"column":9},"skip":true},"57":{"start":{"line":259,"column":12},"end":{"line":269,"column":14},"skip":true},"58":{"start":{"line":271,"column":12},"end":{"line":285,"column":19},"skip":true},"59":{"start":{"line":274,"column":20},"end":{"line":274,"column":35},"skip":true},"60":{"start":{"line":275,"column":20},"end":{"line":284,"column":21},"skip":true},"61":{"start":{"line":277,"column":24},"end":{"line":277,"column":64},"skip":true},"62":{"start":{"line":279,"column":24},"end":{"line":279,"column":40},"skip":true},"63":{"start":{"line":281,"column":24},"end":{"line":281,"column":40},"skip":true},"64":{"start":{"line":283,"column":24},"end":{"line":283,"column":39},"skip":true},"65":{"start":{"line":288,"column":8},"end":{"line":290,"column":9},"skip":true},"66":{"start":{"line":289,"column":12},"end":{"line":289,"column":18},"skip":true},"67":{"start":{"line":291,"column":8},"end":{"line":293,"column":54},"skip":true},"68":{"start":{"line":296,"column":8},"end":{"line":301,"column":37},"skip":true},"69":{"start":{"line":303,"column":8},"end":{"line":303,"column":82},"skip":true},"70":{"start":{"line":306,"column":8},"end":{"line":308,"column":9},"skip":true},"71":{"start":{"line":307,"column":12},"end":{"line":307,"column":82},"skip":true},"72":{"start":{"line":310,"column":8},"end":{"line":312,"column":9},"skip":true},"73":{"start":{"line":311,"column":12},"end":{"line":311,"column":18},"skip":true},"74":{"start":{"line":313,"column":8},"end":{"line":313,"column":54},"skip":true},"75":{"start":{"line":314,"column":8},"end":{"line":314,"column":69},"skip":true},"76":{"start":{"line":315,"column":8},"end":{"line":323,"column":36},"skip":true},"77":{"start":{"line":316,"column":12},"end":{"line":316,"column":61},"skip":true},"78":{"start":{"line":317,"column":12},"end":{"line":320,"column":13},"skip":true},"79":{"start":{"line":318,"column":16},"end":{"line":318,"column":75},"skip":true},"80":{"start":{"line":319,"column":16},"end":{"line":319,"column":23},"skip":true},"81":{"start":{"line":321,"column":12},"end":{"line":321,"column":38},"skip":true},"82":{"start":{"line":322,"column":12},"end":{"line":322,"column":27},"skip":true},"83":{"start":{"line":324,"column":8},"end":{"line":324,"column":14},"skip":true}},"branchMap":{"1":{"line":39,"type":"binary-expr","locations":[{"start":{"line":39,"column":23},"end":{"line":39,"column":62}},{"start":{"line":40,"column":20},"end":{"line":40,"column":70}},{"start":{"line":41,"column":20},"end":{"line":41,"column":71}},{"start":{"line":42,"column":20},"end":{"line":42,"column":29}}]},"2":{"line":44,"type":"binary-expr","locations":[{"start":{"line":44,"column":23},"end":{"line":44,"column":37}},{"start":{"line":45,"column":20},"end":{"line":45,"column":61}},{"start":{"line":46,"column":20},"end":{"line":46,"column":70}},{"start":{"line":47,"column":20},"end":{"line":47,"column":26}}]},"3":{"line":51,"type":"cond-expr","locations":[{"start":{"line":52,"column":14},"end":{"line":52,"column":20}},{"start":{"line":53,"column":14},"end":{"line":53,"column":20}}]},"4":{"line":55,"type":"binary-expr","locations":[{"start":{"line":55,"column":16},"end":{"line":55,"column":44}},{"start":{"line":55,"column":49},"end":{"line":57,"column":43}}]},"5":{"line":55,"type":"cond-expr","locations":[{"start":{"line":56,"column":14},"end":{"line":56,"column":49}},{"start":{"line":57,"column":14},"end":{"line":57,"column":43}}]},"6":{"line":61,"type":"switch","locations":[{"start":{"line":68,"column":4},"end":{"line":150,"column":14},"skip":true},{"start":{"line":156,"column":4},"end":{"line":324,"column":14},"skip":true}]},"7":{"line":70,"type":"if","locations":[{"start":{"line":70,"column":12},"end":{"line":70,"column":12},"skip":true},{"start":{"line":70,"column":12},"end":{"line":70,"column":12},"skip":true}]},"8":{"line":70,"type":"binary-expr","locations":[{"start":{"line":70,"column":16},"end":{"line":70,"column":22},"skip":true},{"start":{"line":70,"column":27},"end":{"line":70,"column":32},"skip":true},{"start":{"line":71,"column":20},"end":{"line":71,"column":39},"skip":true},{"start":{"line":72,"column":20},"end":{"line":72,"column":49},"skip":true},{"start":{"line":73,"column":20},"end":{"line":73,"column":58},"skip":true},{"start":{"line":74,"column":20},"end":{"line":74,"column":69},"skip":true}]},"9":{"line":79,"type":"switch","locations":[{"start":{"line":80,"column":20},"end":{"line":80,"column":33},"skip":true},{"start":{"line":81,"column":20},"end":{"line":83,"column":30},"skip":true},{"start":{"line":84,"column":20},"end":{"line":85,"column":49},"skip":true}]},"10":{"line":89,"type":"switch","locations":[{"start":{"line":90,"column":12},"end":{"line":103,"column":22},"skip":true},{"start":{"line":105,"column":12},"end":{"line":106,"column":22},"skip":true}]},"11":{"line":89,"type":"binary-expr","locations":[{"start":{"line":89,"column":20},"end":{"line":89,"column":25},"skip":true},{"start":{"line":89,"column":29},"end":{"line":89,"column":48},"skip":true},{"start":{"line":89,"column":52},"end":{"line":89,"column":74},"skip":true}]},"12":{"line":92,"type":"if","locations":[{"start":{"line":92,"column":16},"end":{"line":92,"column":16},"skip":true},{"start":{"line":92,"column":16},"end":{"line":92,"column":16},"skip":true}]},"13":{"line":108,"type":"if","locations":[{"start":{"line":108,"column":12},"end":{"line":108,"column":12},"skip":true},{"start":{"line":108,"column":12},"end":{"line":108,"column":12},"skip":true}]},"14":{"line":108,"type":"binary-expr","locations":[{"start":{"line":108,"column":16},"end":{"line":108,"column":61},"skip":true},{"start":{"line":108,"column":66},"end":{"line":108,"column":72},"skip":true},{"start":{"line":108,"column":77},"end":{"line":108,"column":82},"skip":true},{"start":{"line":109,"column":20},"end":{"line":109,"column":39},"skip":true},{"start":{"line":110,"column":20},"end":{"line":110,"column":49},"skip":true},{"start":{"line":111,"column":20},"end":{"line":111,"column":58},"skip":true},{"start":{"line":112,"column":20},"end":{"line":112,"column":68},"skip":true}]},"15":{"line":129,"type":"if","locations":[{"start":{"line":129,"column":16},"end":{"line":129,"column":16},"skip":true},{"start":{"line":129,"column":16},"end":{"line":129,"column":16},"skip":true}]},"16":{"line":134,"type":"cond-expr","locations":[{"start":{"line":135,"column":26},"end":{"line":135,"column":29},"skip":true},{"start":{"line":136,"column":26},"end":{"line":136,"column":54},"skip":true}]},"17":{"line":164,"type":"binary-expr","locations":[{"start":{"line":164,"column":27},"end":{"line":164,"column":43},"skip":true},{"start":{"line":164,"column":47},"end":{"line":164,"column":49},"skip":true}]},"18":{"line":258,"type":"if","locations":[{"start":{"line":258,"column":8},"end":{"line":258,"column":8},"skip":true},{"start":{"line":258,"column":8},"end":{"line":258,"column":8},"skip":true}]},"19":{"line":275,"type":"switch","locations":[{"start":{"line":276,"column":20},"end":{"line":277,"column":64},"skip":true},{"start":{"line":278,"column":20},"end":{"line":279,"column":40},"skip":true},{"start":{"line":280,"column":20},"end":{"line":281,"column":40},"skip":true},{"start":{"line":282,"column":20},"end":{"line":283,"column":39},"skip":true}]},"20":{"line":288,"type":"if","locations":[{"start":{"line":288,"column":8},"end":{"line":288,"column":8},"skip":true},{"start":{"line":288,"column":8},"end":{"line":288,"column":8},"skip":true}]},"21":{"line":288,"type":"binary-expr","locations":[{"start":{"line":288,"column":12},"end":{"line":288,"column":40},"skip":true},{"start":{"line":288,"column":44},"end":{"line":288,"column":67},"skip":true}]},"22":{"line":292,"type":"binary-expr","locations":[{"start":{"line":292,"column":12},"end":{"line":292,"column":50},"skip":true},{"start":{"line":293,"column":12},"end":{"line":293,"column":53},"skip":true}]},"23":{"line":297,"type":"binary-expr","locations":[{"start":{"line":297,"column":12},"end":{"line":297,"column":63},"skip":true},{"start":{"line":298,"column":12},"end":{"line":301,"column":36},"skip":true}]},"24":{"line":303,"type":"binary-expr","locations":[{"start":{"line":303,"column":43},"end":{"line":303,"column":75},"skip":true},{"start":{"line":303,"column":79},"end":{"line":303,"column":81},"skip":true}]},"25":{"line":306,"type":"if","locations":[{"start":{"line":306,"column":8},"end":{"line":306,"column":8},"skip":true},{"start":{"line":306,"column":8},"end":{"line":306,"column":8},"skip":true}]},"26":{"line":310,"type":"if","locations":[{"start":{"line":310,"column":8},"end":{"line":310,"column":8},"skip":true},{"start":{"line":310,"column":8},"end":{"line":310,"column":8},"skip":true}]},"27":{"line":313,"type":"binary-expr","locations":[{"start":{"line":313,"column":27},"end":{"line":313,"column":43},"skip":true},{"start":{"line":313,"column":47},"end":{"line":313,"column":53},"skip":true}]},"28":{"line":317,"type":"if","locations":[{"start":{"line":317,"column":12},"end":{"line":317,"column":12},"skip":true},{"start":{"line":317,"column":12},"end":{"line":317,"column":12},"skip":true}]}},"code":["/*","example.js","","quickstart example","","instruction","    1. save this script as example.js","    2. run the shell command:","        $ npm install npmtest-squel && PORT=8081 node example.js","    3. play with the browser-demo on http://127.0.0.1:8081","*/","","","","/* istanbul instrument in package npmtest_squel */","/*jslint","    bitwise: true,","    browser: true,","    maxerr: 8,","    maxlen: 96,","    node: true,","    nomen: true,","    regexp: true,","    stupid: true","*/","(function () {","    'use strict';","    var local;","","","","    // run shared js-env code - pre-init","    (function () {","        // init local","        local = {};","        // init modeJs","        local.modeJs = (function () {","            try {","                return typeof navigator.userAgent === 'string' &&","                    typeof document.querySelector('body') === 'object' &&","                    typeof XMLHttpRequest.prototype.open === 'function' &&","                    'browser';","            } catch (errorCaughtBrowser) {","                return module.exports &&","                    typeof process.versions.node === 'string' &&","                    typeof require('http').createServer === 'function' &&","                    'node';","            }","        }());","        // init global","        local.global = local.modeJs === 'browser'","            ? window","            : global;","        // init utility2_rollup","        local = local.global.utility2_rollup || (local.modeJs === 'browser'","            ? local.global.utility2_npmtest_squel","            : global.utility2_moduleExports);","        // export local","        local.global.local = local;","    }());","    switch (local.modeJs) {","","","","    // post-init","    // run browser js-env code - post-init","    /* istanbul ignore next */","    case 'browser':","        local.testRunBrowser = function (event) {","            if (!event || (event &&","                    event.currentTarget &&","                    event.currentTarget.className &&","                    event.currentTarget.className.includes &&","                    event.currentTarget.className.includes('onreset'))) {","                // reset output","                Array.from(","                    document.querySelectorAll('body > .resettable')","                ).forEach(function (element) {","                    switch (element.tagName) {","                    case 'INPUT':","                    case 'TEXTAREA':","                        element.value = '';","                        break;","                    default:","                        element.textContent = '';","                    }","                });","            }","            switch (event && event.currentTarget && event.currentTarget.id) {","            case 'testRunButton1':","                // show tests","                if (document.querySelector('#testReportDiv1').style.display === 'none') {","                    document.querySelector('#testReportDiv1').style.display = 'block';","                    document.querySelector('#testRunButton1').textContent =","                        'hide internal test';","                    local.modeTest = true;","                    local.testRunDefault(local);","                // hide tests","                } else {","                    document.querySelector('#testReportDiv1').style.display = 'none';","                    document.querySelector('#testRunButton1').textContent = 'run internal test';","                }","                break;","            // custom-case","            default:","                break;","            }","            if (document.querySelector('#inputTextareaEval1') && (!event || (event &&","                    event.currentTarget &&","                    event.currentTarget.className &&","                    event.currentTarget.className.includes &&","                    event.currentTarget.className.includes('oneval')))) {","                // try to eval input-code","                try {","                    /*jslint evil: true*/","                    eval(document.querySelector('#inputTextareaEval1').value);","                } catch (errorCaught) {","                    console.error(errorCaught);","                }","            }","        };","        // log stderr and stdout to #outputTextareaStdout1","        ['error', 'log'].forEach(function (key) {","            console[key + '_original'] = console[key];","            console[key] = function () {","                var element;","                console[key + '_original'].apply(console, arguments);","                element = document.querySelector('#outputTextareaStdout1');","                if (!element) {","                    return;","                }","                // append text to #outputTextareaStdout1","                element.value += Array.from(arguments).map(function (arg) {","                    return typeof arg === 'string'","                        ? arg","                        : JSON.stringify(arg, null, 4);","                }).join(' ') + '\\n';","                // scroll textarea to bottom","                element.scrollTop = element.scrollHeight;","            };","        });","        // init event-handling","        ['change', 'click', 'keyup'].forEach(function (event) {","            Array.from(document.querySelectorAll('.on' + event)).forEach(function (element) {","                element.addEventListener(event, local.testRunBrowser);","            });","        });","        // run tests","        local.testRunBrowser();","        break;","","","","    // run node js-env code - post-init","    /* istanbul ignore next */","    case 'node':","        // export local","        module.exports = local;","        // require modules","        local.fs = require('fs');","        local.http = require('http');","        local.url = require('url');","        // init assets","        local.assetsDict = local.assetsDict || {};","        /* jslint-ignore-begin */","        local.assetsDict['/assets.index.template.html'] = '\\","<!doctype html>\\n\\","<html lang=\"en\">\\n\\","<head>\\n\\","<meta charset=\"UTF-8\">\\n\\","<meta name=\"viewport\" content=\"width=device-width, initial-scale=1\">\\n\\","<title>{{env.npm_package_name}} (v{{env.npm_package_version}})</title>\\n\\","<style>\\n\\","/*csslint\\n\\","    box-sizing: false,\\n\\","    universal-selector: false\\n\\","*/\\n\\","* {\\n\\","    box-sizing: border-box;\\n\\","}\\n\\","body {\\n\\","    background: #dde;\\n\\","    font-family: Arial, Helvetica, sans-serif;\\n\\","    margin: 2rem;\\n\\","}\\n\\","body > * {\\n\\","    margin-bottom: 1rem;\\n\\","}\\n\\",".utility2FooterDiv {\\n\\","    margin-top: 20px;\\n\\","    text-align: center;\\n\\","}\\n\\","</style>\\n\\","<style>\\n\\","/*csslint\\n\\","*/\\n\\","textarea {\\n\\","    font-family: monospace;\\n\\","    height: 10rem;\\n\\","    width: 100%;\\n\\","}\\n\\","textarea[readonly] {\\n\\","    background: #ddd;\\n\\","}\\n\\","</style>\\n\\","</head>\\n\\","<body>\\n\\","<!-- utility2-comment\\n\\","<div id=\"ajaxProgressDiv1\" style=\"background: #d00; height: 2px; left: 0; margin: 0; padding: 0; position: fixed; top: 0; transition: background 0.5s, width 1.5s; width: 25%;\"></div>\\n\\","utility2-comment -->\\n\\","<h1>\\n\\","<!-- utility2-comment\\n\\","    <a\\n\\","        {{#if env.npm_package_homepage}}\\n\\","        href=\"{{env.npm_package_homepage}}\"\\n\\","        {{/if env.npm_package_homepage}}\\n\\","        target=\"_blank\"\\n\\","    >\\n\\","utility2-comment -->\\n\\","        {{env.npm_package_name}} (v{{env.npm_package_version}})\\n\\","<!-- utility2-comment\\n\\","    </a>\\n\\","utility2-comment -->\\n\\","</h1>\\n\\","<h3>{{env.npm_package_description}}</h3>\\n\\","<!-- utility2-comment\\n\\","<h4><a download href=\"assets.app.js\">download standalone app</a></h4>\\n\\","<button class=\"onclick onreset\" id=\"testRunButton1\">run internal test</button><br>\\n\\","<div id=\"testReportDiv1\" style=\"display: none;\"></div>\\n\\","utility2-comment -->\\n\\","\\n\\","\\n\\","\\n\\","<label>stderr and stdout</label>\\n\\","<textarea class=\"resettable\" id=\"outputTextareaStdout1\" readonly></textarea>\\n\\","<!-- utility2-comment\\n\\","{{#if isRollup}}\\n\\","<script src=\"assets.app.js\"></script>\\n\\","{{#unless isRollup}}\\n\\","utility2-comment -->\\n\\","<script src=\"assets.utility2.rollup.js\"></script>\\n\\","<script src=\"jsonp.utility2._stateInit?callback=window.utility2._stateInit\"></script>\\n\\","<script src=\"assets.npmtest_squel.rollup.js\"></script>\\n\\","<script src=\"assets.example.js\"></script>\\n\\","<script src=\"assets.test.js\"></script>\\n\\","<!-- utility2-comment\\n\\","{{/if isRollup}}\\n\\","utility2-comment -->\\n\\","<div class=\"utility2FooterDiv\">\\n\\","    [ this app was created with\\n\\","    <a href=\"https://github.com/kaizhu256/node-utility2\" target=\"_blank\">utility2</a>\\n\\","    ]\\n\\","</div>\\n\\","</body>\\n\\","</html>\\n\\","';","        /* jslint-ignore-end */","        if (local.templateRender) {","            local.assetsDict['/'] = local.templateRender(","                local.assetsDict['/assets.index.template.html'],","                {","                    env: local.objectSetDefault(local.env, {","                        npm_package_description: 'the greatest app in the world!',","                        npm_package_name: 'my-app',","                        npm_package_nameAlias: 'my_app',","                        npm_package_version: '0.0.1'","                    })","                }","            );","        } else {","            local.assetsDict['/'] = local.assetsDict['/assets.index.template.html']","                .replace((/\\{\\{env\\.(\\w+?)\\}\\}/g), function (match0, match1) {","                    // jslint-hack","                    String(match0);","                    switch (match1) {","                    case 'npm_package_description':","                        return 'the greatest app in the world!';","                    case 'npm_package_name':","                        return 'my-app';","                    case 'npm_package_nameAlias':","                        return 'my_app';","                    case 'npm_package_version':","                        return '0.0.1';","                    }","                });","        }","        // run the cli","        if (local.global.utility2_rollup || module !== require.main) {","            break;","        }","        local.assetsDict['/assets.example.js'] =","            local.assetsDict['/assets.example.js'] ||","            local.fs.readFileSync(__filename, 'utf8');","        // bug-workaround - long $npm_package_buildCustomOrg","        /* jslint-ignore-begin */","        local.assetsDict['/assets.npmtest_squel.rollup.js'] =","            local.assetsDict['/assets.npmtest_squel.rollup.js'] ||","            local.fs.readFileSync(","                local.npmtest_squel.__dirname + '/lib.npmtest_squel.js',","                'utf8'","            ).replace((/^#!/), '//');","        /* jslint-ignore-end */","        local.assetsDict['/favicon.ico'] = local.assetsDict['/favicon.ico'] || '';","        // if $npm_config_timeout_exit exists,","        // then exit this process after $npm_config_timeout_exit ms","        if (Number(process.env.npm_config_timeout_exit)) {","            setTimeout(process.exit, Number(process.env.npm_config_timeout_exit));","        }","        // start server","        if (local.global.utility2_serverHttp1) {","            break;","        }","        process.env.PORT = process.env.PORT || '8081';","        console.error('server starting on port ' + process.env.PORT);","        local.http.createServer(function (request, response) {","            request.urlParsed = local.url.parse(request.url);","            if (local.assetsDict[request.urlParsed.pathname] !== undefined) {","                response.end(local.assetsDict[request.urlParsed.pathname]);","                return;","            }","            response.statusCode = 404;","            response.end();","        }).listen(process.env.PORT);","        break;","    }","}());",""],"l":{"26":2,"28":2,"33":2,"35":2,"37":2,"38":2,"39":2,"44":1,"51":2,"55":2,"59":2,"61":2,"69":1,"70":2,"76":2,"79":2,"82":2,"83":2,"85":1,"89":2,"92":1,"93":1,"94":1,"96":1,"97":1,"100":1,"101":1,"103":1,"106":1,"108":2,"114":1,"116":1,"118":1,"123":1,"124":2,"125":2,"126":3,"127":3,"128":3,"129":3,"130":1,"133":3,"134":3,"139":3,"143":1,"144":3,"145":1,"149":1,"150":1,"158":1,"160":1,"161":1,"162":1,"164":1,"166":1,"258":1,"259":1,"271":1,"274":6,"275":6,"277":1,"279":2,"281":1,"283":2,"288":1,"289":1,"291":1,"296":1,"303":1,"306":1,"307":1,"310":1,"311":1,"313":1,"314":1,"315":1,"316":1,"317":1,"318":1,"319":1,"321":1,"322":1,"324":1}},"/home/travis/build/npmtest/node-npmtest-squel/node_modules/squel/dist/squel.js":{"path":"/home/travis/build/npmtest/node-npmtest-squel/node_modules/squel/dist/squel.js","s":{"1":1,"2":1,"3":0,"4":1,"5":1,"6":0,"7":1,"8":0,"9":0,"10":0,"11":0,"12":0,"13":0,"14":0,"15":0,"16":0,"17":0,"18":0,"19":0,"20":0,"21":0,"22":1,"23":1,"24":29,"25":91,"26":91,"27":91,"28":91,"29":91,"30":91,"31":1,"32":29,"33":29,"34":29,"35":0,"36":29,"37":1,"38":1,"39":0,"40":1,"41":0,"42":0,"43":0,"44":1,"45":32,"46":0,"47":32,"48":32,"49":32,"50":1,"51":0,"52":0,"53":1,"54":0,"55":1,"56":0,"57":0,"58":0,"59":0,"60":0,"61":0,"62":0,"63":0,"64":0,"65":0,"66":0,"67":0,"68":0,"69":0,"70":0,"71":0,"72":0,"73":0,"74":0,"75":0,"76":0,"77":0,"78":1,"79":0,"80":1,"81":0,"82":1,"83":0,"84":0,"85":0,"86":0,"87":0,"88":0,"89":0,"90":0,"91":0,"92":0,"93":0,"94":0,"95":0,"96":0,"97":1,"98":1,"99":1,"100":0,"101":1,"102":0,"103":1,"104":1,"105":1,"106":1,"107":1,"108":0,"109":0,"110":0,"111":0,"112":0,"113":0,"114":1,"115":1,"116":0,"117":1,"118":0,"119":1,"120":1,"121":0,"122":1,"123":0,"124":0,"125":0,"126":0,"127":1,"128":1,"129":1,"130":0,"131":1,"132":0,"133":1,"134":1,"135":1,"136":1,"137":1,"138":1,"139":0,"140":1,"141":0,"142":0,"143":1,"144":1,"145":1,"146":1,"147":0,"148":0,"149":0,"150":0,"151":0,"152":1,"153":0,"154":0,"155":0,"156":0,"157":0,"158":0,"159":0,"160":0,"161":0,"162":0,"163":0,"164":0,"165":0,"166":0,"167":0,"168":0,"169":0,"170":0,"171":0,"172":0,"173":0,"174":0,"175":0,"176":0,"177":0,"178":0,"179":0,"180":0,"181":0,"182":0,"183":0,"184":0,"185":0,"186":0,"187":0,"188":0,"189":0,"190":0,"191":0,"192":0,"193":0,"194":0,"195":0,"196":0,"197":0,"198":0,"199":0,"200":0,"201":0,"202":0,"203":0,"204":0,"205":0,"206":0,"207":0,"208":0,"209":0,"210":0,"211":0,"212":0,"213":0,"214":0,"215":0,"216":0,"217":0,"218":0,"219":0,"220":0,"221":0,"222":0,"223":0,"224":0,"225":0,"226":0,"227":0,"228":0,"229":0,"230":0,"231":0,"232":0,"233":0,"234":0,"235":0,"236":0,"237":0,"238":0,"239":0,"240":0,"241":0,"242":0,"243":0,"244":0,"245":0,"246":0,"247":0,"248":0,"249":0,"250":0,"251":0,"252":0,"253":0,"254":0,"255":0,"256":0,"257":0,"258":0,"259":0,"260":0,"261":0,"262":0,"263":0,"264":0,"265":0,"266":0,"267":0,"268":0,"269":0,"270":0,"271":0,"272":0,"273":0,"274":0,"275":0,"276":0,"277":0,"278":0,"279":0,"280":0,"281":0,"282":0,"283":0,"284":0,"285":0,"286":0,"287":0,"288":0,"289":0,"290":0,"291":0,"292":0,"293":0,"294":0,"295":0,"296":0,"297":0,"298":0,"299":0,"300":0,"301":0,"302":0,"303":0,"304":0,"305":0,"306":0,"307":0,"308":0,"309":0,"310":0,"311":0,"312":0,"313":0,"314":0,"315":0,"316":0,"317":0,"318":1,"319":1,"320":1,"321":1,"322":0,"323":0,"324":0,"325":0,"326":1,"327":0,"328":0,"329":0,"330":0,"331":0,"332":0,"333":0,"334":0,"335":0,"336":0,"337":0,"338":0,"339":0,"340":0,"341":0,"342":0,"343":0,"344":0,"345":0,"346":0,"347":0,"348":0,"349":0,"350":0,"351":0,"352":0,"353":0,"354":0,"355":0,"356":0,"357":0,"358":0,"359":0,"360":0,"361":0,"362":0,"363":0,"364":0,"365":1,"366":1,"367":1,"368":1,"369":0,"370":0,"371":0,"372":0,"373":0,"374":0,"375":0,"376":0,"377":0,"378":0,"379":0,"380":0,"381":1,"382":0,"383":0,"384":0,"385":0,"386":0,"387":0,"388":0,"389":0,"390":0,"391":0,"392":0,"393":0,"394":0,"395":0,"396":0,"397":0,"398":0,"399":0,"400":0,"401":0,"402":0,"403":0,"404":0,"405":0,"406":0,"407":0,"408":0,"409":0,"410":0,"411":0,"412":0,"413":0,"414":0,"415":0,"416":0,"417":0,"418":0,"419":0,"420":0,"421":0,"422":1,"423":1,"424":1,"425":1,"426":0,"427":0,"428":1,"429":0,"430":0,"431":0,"432":0,"433":0,"434":0,"435":0,"436":0,"437":1,"438":1,"439":1,"440":1,"441":0,"442":0,"443":0,"444":0,"445":1,"446":0,"447":0,"448":1,"449":1,"450":1,"451":1,"452":0,"453":0,"454":0,"455":0,"456":0,"457":1,"458":0,"459":0,"460":0,"461":0,"462":0,"463":0,"464":1,"465":1,"466":0,"467":0,"468":1,"469":1,"470":1,"471":0,"472":0,"473":0,"474":0,"475":1,"476":0,"477":0,"478":0,"479":0,"480":0,"481":0,"482":0,"483":0,"484":0,"485":0,"486":0,"487":0,"488":0,"489":0,"490":0,"491":0,"492":0,"493":0,"494":0,"495":0,"496":0,"497":0,"498":0,"499":0,"500":0,"501":0,"502":0,"503":0,"504":0,"505":0,"506":0,"507":0,"508":0,"509":0,"510":0,"511":0,"512":0,"513":0,"514":0,"515":0,"516":0,"517":1,"518":1,"519":1,"520":1,"521":0,"522":0,"523":1,"524":0,"525":1,"526":1,"527":1,"528":1,"529":0,"530":0,"531":1,"532":0,"533":0,"534":0,"535":0,"536":0,"537":0,"538":1,"539":1,"540":1,"541":1,"542":0,"543":0,"544":1,"545":0,"546":0,"547":1,"548":1,"549":1,"550":1,"551":0,"552":0,"553":1,"554":0,"555":0,"556":0,"557":0,"558":0,"559":1,"560":1,"561":1,"562":1,"563":0,"564":0,"565":0,"566":0,"567":1,"568":0,"569":0,"570":0,"571":0,"572":0,"573":0,"574":0,"575":0,"576":0,"577":0,"578":0,"579":0,"580":0,"581":0,"582":0,"583":0,"584":0,"585":0,"586":0,"587":0,"588":0,"589":0,"590":0,"591":0,"592":0,"593":0,"594":0,"595":0,"596":0,"597":0,"598":0,"599":0,"600":0,"601":0,"602":0,"603":0,"604":0,"605":0,"606":0,"607":0,"608":0,"609":0,"610":0,"611":0,"612":0,"613":0,"614":0,"615":0,"616":0,"617":0,"618":0,"619":0,"620":0,"621":0,"622":0,"623":0,"624":0,"625":0,"626":0,"627":0,"628":0,"629":0,"630":1,"631":1,"632":1,"633":1,"634":0,"635":0,"636":0,"637":0,"638":1,"639":0,"640":0,"641":0,"642":0,"643":0,"644":0,"645":0,"646":0,"647":0,"648":0,"649":0,"650":0,"651":0,"652":0,"653":0,"654":0,"655":0,"656":0,"657":0,"658":0,"659":0,"660":0,"661":0,"662":0,"663":0,"664":0,"665":0,"666":0,"667":0,"668":0,"669":0,"670":0,"671":0,"672":0,"673":0,"674":0,"675":0,"676":0,"677":0,"678":0,"679":0,"680":1,"681":1,"682":1,"683":1,"684":0,"685":0,"686":1,"687":0,"688":0,"689":0,"690":0,"691":0,"692":0,"693":0,"694":0,"695":0,"696":0,"697":0,"698":0,"699":0,"700":0,"701":0,"702":0,"703":0,"704":0,"705":1,"706":1,"707":1,"708":1,"709":0,"710":0,"711":1,"712":0,"713":0,"714":0,"715":0,"716":0,"717":0,"718":0,"719":0,"720":0,"721":0,"722":0,"723":0,"724":0,"725":0,"726":0,"727":0,"728":0,"729":0,"730":0,"731":1,"732":1,"733":1,"734":1,"735":0,"736":0,"737":0,"738":0,"739":0,"740":1,"741":0,"742":0,"743":0,"744":0,"745":0,"746":0,"747":0,"748":0,"749":0,"750":0,"751":0,"752":0,"753":0,"754":1,"755":1,"756":1,"757":1,"758":0,"759":0,"760":1,"761":0,"762":0,"763":1,"764":1,"765":1,"766":1,"767":0,"768":0,"769":0,"770":0,"771":1,"772":0,"773":0,"774":0,"775":1,"776":1,"777":1,"778":1,"779":0,"780":0,"781":0,"782":0,"783":1,"784":0,"785":0,"786":0,"787":0,"788":0,"789":1,"790":1,"791":1,"792":1,"793":0,"794":0,"795":1,"796":0,"797":1,"798":1,"799":1,"800":1,"801":0,"802":0,"803":1,"804":0,"805":1,"806":1,"807":1,"808":1,"809":0,"810":0,"811":0,"812":0,"813":1,"814":0,"815":0,"816":0,"817":0,"818":0,"819":0,"820":0,"821":0,"822":0,"823":0,"824":0,"825":0,"826":0,"827":0,"828":0,"829":0,"830":0,"831":0,"832":0,"833":0,"834":0,"835":0,"836":0,"837":0,"838":0,"839":0,"840":0,"841":0,"842":0,"843":1,"844":1,"845":1,"846":1,"847":0,"848":0,"849":1,"850":0,"851":0,"852":0,"853":1,"854":1,"855":1,"856":1,"857":0,"858":0,"859":1,"860":0,"861":0,"862":0,"863":1,"864":1,"865":1,"866":1,"867":0,"868":0,"869":0,"870":0,"871":1,"872":0,"873":0,"874":0,"875":0,"876":0,"877":0,"878":0,"879":0,"880":0,"881":0,"882":0,"883":0,"884":0,"885":0,"886":0,"887":0,"888":0,"889":0,"890":0,"891":0,"892":0,"893":0,"894":0,"895":0,"896":0,"897":0,"898":0,"899":0,"900":0,"901":0,"902":0,"903":0,"904":0,"905":0,"906":1,"907":1,"908":1,"909":1,"910":0,"911":0,"912":0,"913":0,"914":1,"915":0,"916":0,"917":0,"918":0,"919":0,"920":0,"921":0,"922":0,"923":0,"924":0,"925":0,"926":0,"927":0,"928":0,"929":0,"930":0,"931":0,"932":0,"933":0,"934":0,"935":0,"936":0,"937":0,"938":0,"939":0,"940":0,"941":0,"942":0,"943":0,"944":0,"945":0,"946":0,"947":0,"948":0,"949":0,"950":0,"951":0,"952":0,"953":0,"954":0,"955":0,"956":0,"957":0,"958":0,"959":0,"960":0,"961":0,"962":0,"963":0,"964":0,"965":0,"966":0,"967":0,"968":0,"969":0,"970":0,"971":0,"972":0,"973":0,"974":0,"975":0,"976":0,"977":0,"978":0,"979":0,"980":1,"981":1,"982":1,"983":1,"984":0,"985":0,"986":0,"987":0,"988":1,"989":0,"990":0,"991":0,"992":0,"993":0,"994":0,"995":0,"996":0,"997":0,"998":0,"999":0,"1000":0,"1001":0,"1002":0,"1003":0,"1004":0,"1005":0,"1006":0,"1007":0,"1008":0,"1009":0,"1010":0,"1011":0,"1012":0,"1013":0,"1014":0,"1015":0,"1016":0,"1017":0,"1018":0,"1019":0,"1020":1,"1021":1,"1022":1,"1023":1,"1024":0,"1025":0,"1026":0,"1027":0,"1028":0,"1029":0,"1030":0,"1031":0,"1032":0,"1033":0,"1034":0,"1035":0,"1036":0,"1037":0,"1038":0,"1039":0,"1040":0,"1041":0,"1042":0,"1043":0,"1044":0,"1045":0,"1046":0,"1047":0,"1048":0,"1049":0,"1050":0,"1051":0,"1052":1,"1053":0,"1054":0,"1055":0,"1056":0,"1057":0,"1058":0,"1059":0,"1060":0,"1061":0,"1062":0,"1063":0,"1064":0,"1065":0,"1066":0,"1067":0,"1068":0,"1069":0,"1070":0,"1071":0,"1072":0,"1073":0,"1074":0,"1075":0,"1076":0,"1077":0,"1078":0,"1079":0,"1080":0,"1081":0,"1082":0,"1083":0,"1084":0,"1085":0,"1086":0,"1087":0,"1088":0,"1089":0,"1090":0,"1091":0,"1092":0,"1093":0,"1094":0,"1095":0,"1096":0,"1097":0,"1098":0,"1099":0,"1100":0,"1101":0,"1102":0,"1103":0,"1104":0,"1105":0,"1106":0,"1107":0,"1108":0,"1109":0,"1110":0,"1111":0,"1112":0,"1113":1,"1114":1,"1115":1,"1116":1,"1117":0,"1118":0,"1119":0,"1120":0,"1121":1,"1122":1,"1123":1,"1124":1,"1125":0,"1126":0,"1127":0,"1128":0,"1129":1,"1130":1,"1131":1,"1132":1,"1133":0,"1134":0,"1135":0,"1136":0,"1137":1,"1138":1,"1139":1,"1140":1,"1141":0,"1142":0,"1143":0,"1144":0,"1145":1,"1146":1,"1147":0,"1148":0,"1149":0,"1150":0,"1151":0,"1152":0,"1153":0,"1154":0,"1155":0,"1156":0,"1157":0,"1158":0,"1159":1,"1160":1,"1161":1,"1162":1,"1163":1,"1164":1,"1165":0,"1166":0,"1167":0,"1168":0,"1169":0,"1170":0,"1171":0,"1172":0,"1173":0,"1174":0,"1175":1,"1176":0,"1177":0,"1178":0,"1179":0,"1180":0,"1181":0,"1182":0,"1183":0,"1184":1,"1185":0,"1186":0,"1187":0,"1188":0,"1189":0,"1190":0,"1191":0,"1192":0,"1193":0,"1194":1,"1195":0,"1196":0,"1197":0,"1198":0,"1199":0,"1200":0,"1201":0,"1202":1,"1203":0,"1204":0,"1205":0,"1206":0,"1207":0,"1208":0,"1209":0,"1210":0,"1211":0,"1212":0,"1213":0,"1214":0,"1215":1,"1216":0,"1217":0,"1218":0,"1219":0,"1220":0,"1221":0,"1222":0,"1223":0,"1224":0,"1225":0,"1226":0,"1227":0,"1228":1,"1229":0,"1230":0,"1231":0,"1232":0,"1233":0,"1234":0,"1235":0,"1236":0,"1237":0,"1238":0,"1239":0,"1240":0,"1241":0,"1242":0,"1243":0,"1244":0,"1245":0,"1246":1,"1247":0,"1248":0,"1249":0,"1250":0,"1251":0,"1252":0,"1253":0,"1254":0,"1255":0,"1256":0,"1257":0,"1258":1,"1259":0,"1260":0,"1261":0,"1262":0,"1263":0,"1264":0,"1265":0,"1266":0,"1267":0,"1268":0,"1269":0,"1270":0,"1271":0,"1272":0,"1273":0,"1274":0,"1275":0,"1276":0,"1277":0,"1278":1,"1279":0,"1280":0,"1281":0,"1282":0,"1283":0,"1284":0,"1285":0,"1286":0,"1287":0,"1288":0,"1289":0,"1290":0,"1291":0,"1292":0,"1293":0,"1294":0,"1295":0,"1296":0,"1297":0,"1298":0,"1299":0,"1300":0,"1301":0,"1302":0,"1303":0,"1304":0,"1305":0,"1306":0,"1307":0,"1308":0,"1309":0,"1310":0,"1311":0,"1312":0,"1313":0,"1314":1,"1315":0,"1316":0,"1317":0,"1318":0,"1319":0,"1320":0,"1321":0,"1322":0,"1323":1,"1324":0,"1325":0,"1326":0,"1327":0,"1328":0,"1329":0,"1330":0,"1331":1,"1332":0,"1333":0,"1334":0,"1335":0,"1336":0,"1337":0,"1338":0,"1339":1,"1340":0,"1341":0,"1342":0,"1343":0,"1344":0,"1345":1,"1346":0,"1347":0,"1348":0,"1349":1,"1350":0,"1351":0,"1352":0,"1353":0,"1354":0,"1355":0,"1356":0,"1357":0,"1358":0,"1359":0,"1360":0,"1361":0,"1362":0,"1363":0,"1364":0,"1365":0,"1366":0,"1367":0,"1368":0,"1369":0,"1370":0,"1371":1,"1372":0,"1373":0,"1374":0,"1375":0,"1376":0,"1377":0,"1378":0,"1379":1,"1380":0,"1381":0,"1382":0,"1383":0,"1384":0,"1385":0,"1386":0,"1387":1,"1388":0,"1389":0,"1390":0,"1391":0,"1392":0,"1393":0,"1394":0,"1395":1,"1396":0,"1397":0,"1398":0,"1399":0,"1400":0,"1401":0,"1402":0,"1403":0,"1404":0,"1405":0,"1406":0,"1407":0,"1408":0,"1409":0,"1410":0,"1411":0,"1412":0,"1413":0,"1414":0,"1415":0,"1416":0,"1417":0,"1418":0,"1419":0,"1420":0,"1421":1,"1422":0,"1423":0,"1424":0,"1425":0,"1426":0,"1427":0,"1428":0,"1429":0,"1430":0,"1431":0,"1432":0,"1433":0,"1434":0,"1435":0,"1436":0,"1437":0,"1438":0,"1439":0,"1440":0,"1441":0,"1442":0,"1443":0,"1444":0,"1445":0,"1446":0,"1447":0,"1448":0,"1449":0,"1450":0,"1451":0,"1452":0,"1453":0,"1454":0,"1455":0,"1456":0,"1457":0,"1458":0,"1459":0,"1460":0,"1461":0,"1462":0,"1463":0,"1464":0,"1465":0,"1466":0,"1467":0,"1468":0,"1469":1,"1470":0,"1471":0,"1472":0,"1473":0,"1474":0,"1475":0,"1476":0,"1477":0,"1478":0,"1479":0,"1480":0,"1481":0,"1482":0,"1483":0,"1484":0,"1485":0,"1486":0,"1487":0,"1488":0,"1489":0,"1490":0,"1491":0,"1492":0,"1493":0,"1494":0,"1495":0,"1496":0,"1497":0,"1498":0,"1499":0,"1500":0,"1501":0,"1502":1,"1503":0,"1504":0,"1505":0,"1506":0,"1507":0,"1508":0,"1509":0,"1510":0,"1511":0,"1512":0,"1513":0,"1514":0,"1515":0,"1516":0,"1517":0,"1518":0,"1519":0,"1520":0,"1521":0,"1522":0,"1523":1,"1524":0,"1525":0,"1526":0,"1527":0,"1528":0,"1529":0,"1530":0,"1531":1,"1532":0,"1533":0,"1534":0,"1535":0,"1536":0,"1537":0,"1538":0,"1539":1,"1540":0,"1541":0,"1542":0,"1543":0,"1544":0,"1545":0,"1546":0,"1547":1,"1548":0,"1549":0,"1550":0,"1551":0,"1552":0,"1553":1},"b":{"1":[0,1],"2":[1,0],"3":[1,0],"4":[0,0],"5":[0,0],"6":[0,0],"7":[0,0],"8":[0,0],"9":[91,91],"10":[91,0],"11":[29,0],"12":[0,29],"13":[1,0],"14":[1,1],"15":[0,0],"16":[0,0,0],"17":[0,0],"18":[0,0],"19":[0,0,0],"20":[0,32],"21":[32,0],"22":[32,32],"23":[32,0],"24":[32,0],"25":[0,0],"26":[0,0],"27":[0,0],"28":[0,0],"29":[0,0],"30":[0,0],"31":[0,0],"32":[0,0],"33":[0,0],"34":[0,0],"35":[0,0],"36":[0,0],"37":[0,0],"38":[0,0],"39":[0,0],"40":[0,0],"41":[0,0],"42":[0,0],"43":[0,1],"44":[0,1],"45":[1,0],"46":[0,1],"47":[0,0],"48":[0,1],"49":[1,0],"50":[0,1],"51":[0,0],"52":[0,0],"53":[0,0,0],"54":[0,0],"55":[1,0],"56":[1,0],"57":[0,0],"58":[0,0],"59":[0,0],"60":[0,0],"61":[0,0],"62":[0,0],"63":[0,0],"64":[0,0],"65":[0,0],"66":[0,0],"67":[0,0],"68":[0,0],"69":[0,0],"70":[0,0,0],"71":[0,0],"72":[0,0],"73":[0,0],"74":[0,0],"75":[0,0],"76":[0,0],"77":[0,0],"78":[0,0],"79":[0,0],"80":[0,0],"81":[0,0],"82":[0,0],"83":[0,0],"84":[0,0],"85":[0,0],"86":[0,0],"87":[0,0],"88":[0,0],"89":[0,0],"90":[0,0],"91":[0,0],"92":[0,0],"93":[0,0],"94":[0,0],"95":[0,0],"96":[0,0],"97":[0,0],"98":[0,0],"99":[0,0],"100":[0,0],"101":[0,0],"102":[0,0],"103":[0,0],"104":[0,0],"105":[0,0],"106":[0,0,0,0],"107":[0,0],"108":[0,0],"109":[0,0],"110":[0,0],"111":[0,0],"112":[0,0],"113":[0,0],"114":[0,0],"115":[0,0],"116":[0,0],"117":[0,0],"118":[0,0],"119":[0,0],"120":[0,0],"121":[0,0],"122":[0,0],"123":[0,0],"124":[0,0],"125":[0,0],"126":[0,0],"127":[0,0],"128":[0,0],"129":[0,0],"130":[0,0],"131":[0,0],"132":[0,0],"133":[0,0],"134":[0,0],"135":[0,0],"136":[0,0],"137":[0,0],"138":[0,0],"139":[0,0],"140":[0,0],"141":[0,0],"142":[0,0],"143":[0,0],"144":[0,0],"145":[0,0],"146":[0,0],"147":[0,0],"148":[0,0],"149":[0,0,0,0],"150":[0,0],"151":[0,0],"152":[0,0],"153":[0,0],"154":[0,0],"155":[0,0],"156":[0,0],"157":[0,0],"158":[0,0],"159":[0,0],"160":[0,0],"161":[0,0],"162":[0,0],"163":[0,0],"164":[0,0],"165":[0,0],"166":[0,0],"167":[0,0],"168":[0,0],"169":[0,0],"170":[0,0],"171":[0,0],"172":[0,0],"173":[0,0],"174":[0,0],"175":[0,0],"176":[0,0],"177":[0,0],"178":[0,0],"179":[0,0],"180":[0,0],"181":[0,0],"182":[0,0],"183":[0,0],"184":[0,0],"185":[0,0],"186":[0,0],"187":[0,0],"188":[0,0],"189":[0,0],"190":[0,0],"191":[0,0],"192":[0,0],"193":[0,0],"194":[0,0],"195":[0,0],"196":[0,0],"197":[0,0],"198":[0,0],"199":[0,0],"200":[0,0],"201":[0,0],"202":[0,0],"203":[0,0],"204":[0,0],"205":[0,0],"206":[0,0],"207":[0,0],"208":[0,0],"209":[0,0],"210":[0,0],"211":[0,0],"212":[0,0],"213":[0,0],"214":[0,0],"215":[0,0],"216":[0,0],"217":[0,0],"218":[0,0],"219":[0,0],"220":[0,0],"221":[0,0],"222":[0,0],"223":[0,0],"224":[0,0],"225":[0,0],"226":[0,0],"227":[0,0],"228":[0,0],"229":[0,0],"230":[0,0],"231":[0,0],"232":[0,0],"233":[0,0],"234":[0,0],"235":[0,0],"236":[0,0],"237":[0,0],"238":[0,0],"239":[0,0],"240":[0,0],"241":[0,0],"242":[0,0],"243":[0,0],"244":[0,0],"245":[0,0],"246":[0,0],"247":[0,0],"248":[0,0],"249":[0,0],"250":[0,0],"251":[0,0],"252":[0,0],"253":[0,0],"254":[0,0],"255":[0,0],"256":[0,0],"257":[0,0],"258":[0,0],"259":[0,0],"260":[0,0],"261":[0,0],"262":[0,0],"263":[0,0],"264":[0,0],"265":[0,0],"266":[0,0],"267":[0,0],"268":[0,0],"269":[0,0],"270":[0,0],"271":[0,0],"272":[0,0],"273":[0,0],"274":[0,0],"275":[0,0],"276":[0,0],"277":[0,0],"278":[0,0],"279":[0,0],"280":[0,0],"281":[0,0],"282":[0,0],"283":[0,0],"284":[0,0],"285":[0,0],"286":[0,0],"287":[0,0],"288":[0,0],"289":[0,0],"290":[0,0],"291":[0,0],"292":[0,0],"293":[0,0],"294":[0,0],"295":[0,0],"296":[0,0],"297":[0,0],"298":[0,0],"299":[0,0],"300":[0,0],"301":[0,0],"302":[0,0],"303":[0,0],"304":[0,0],"305":[0,0],"306":[0,0],"307":[0,0],"308":[0,0],"309":[0,0],"310":[0,0],"311":[0,0],"312":[0,0],"313":[0,0],"314":[0,0],"315":[0,0],"316":[0,0],"317":[0,0],"318":[0,0],"319":[0,0],"320":[0,0],"321":[0,0],"322":[0,0],"323":[0,0],"324":[0,0],"325":[0,0],"326":[0,0],"327":[0,0],"328":[0,0],"329":[0,0],"330":[0,0],"331":[0,0],"332":[0,0],"333":[0,0],"334":[0,0],"335":[0,0],"336":[0,0],"337":[0,0],"338":[0,0],"339":[0,0],"340":[0,0],"341":[0,0],"342":[0,0],"343":[0,0],"344":[0,0],"345":[0,0],"346":[0,0],"347":[0,0],"348":[0,0],"349":[0,0],"350":[0,0],"351":[0,0],"352":[0,0],"353":[0,0],"354":[0,0],"355":[0,0],"356":[0,0],"357":[0,0],"358":[0,0],"359":[0,0],"360":[0,0],"361":[0,0],"362":[0,0],"363":[0,0],"364":[0,0],"365":[0,0],"366":[0,0],"367":[0,0],"368":[0,0],"369":[0,0],"370":[0,0],"371":[0,0],"372":[0,0],"373":[0,0],"374":[0,0],"375":[0,0],"376":[0,0],"377":[0,0],"378":[0,0],"379":[0,0],"380":[0,0],"381":[0,0],"382":[0,0],"383":[0,0],"384":[0,0],"385":[0,0],"386":[0,0],"387":[0,0],"388":[0,0],"389":[0,0],"390":[0,0],"391":[0,0],"392":[0,0],"393":[0,0],"394":[0,0],"395":[0,0],"396":[0,0],"397":[0,0],"398":[0,0],"399":[0,0],"400":[0,0],"401":[0,0],"402":[0,0],"403":[0,0],"404":[0,0],"405":[0,0],"406":[0,0],"407":[0,0],"408":[0,0],"409":[0,0],"410":[0,0],"411":[0,0],"412":[0,0],"413":[0,0],"414":[0,0],"415":[0,0],"416":[0,0],"417":[0,0],"418":[0,0],"419":[0,0],"420":[0,0],"421":[0,0],"422":[0,0],"423":[0,0],"424":[0,0],"425":[0,0],"426":[0,0],"427":[0,0]},"f":{"1":1,"2":1,"3":0,"4":1,"5":29,"6":29,"7":1,"8":0,"9":0,"10":32,"11":0,"12":0,"13":0,"14":0,"15":0,"16":0,"17":0,"18":0,"19":0,"20":0,"21":1,"22":0,"23":0,"24":1,"25":0,"26":0,"27":1,"28":1,"29":0,"30":0,"31":1,"32":0,"33":0,"34":0,"35":0,"36":0,"37":0,"38":0,"39":0,"40":0,"41":0,"42":0,"43":0,"44":0,"45":0,"46":0,"47":0,"48":0,"49":0,"50":0,"51":0,"52":0,"53":0,"54":0,"55":0,"56":0,"57":0,"58":0,"59":0,"60":0,"61":0,"62":0,"63":0,"64":0,"65":1,"66":0,"67":0,"68":0,"69":0,"70":0,"71":1,"72":0,"73":0,"74":0,"75":0,"76":0,"77":0,"78":1,"79":0,"80":0,"81":0,"82":1,"83":0,"84":0,"85":1,"86":0,"87":0,"88":0,"89":0,"90":1,"91":0,"92":0,"93":0,"94":0,"95":0,"96":1,"97":0,"98":0,"99":1,"100":0,"101":0,"102":0,"103":1,"104":0,"105":0,"106":1,"107":0,"108":0,"109":0,"110":1,"111":0,"112":0,"113":0,"114":0,"115":0,"116":0,"117":1,"118":0,"119":0,"120":0,"121":0,"122":0,"123":1,"124":0,"125":0,"126":0,"127":0,"128":0,"129":1,"130":0,"131":0,"132":0,"133":0,"134":0,"135":0,"136":0,"137":1,"138":0,"139":0,"140":0,"141":0,"142":1,"143":0,"144":0,"145":0,"146":1,"147":0,"148":0,"149":0,"150":1,"151":0,"152":0,"153":0,"154":1,"155":0,"156":0,"157":1,"158":0,"159":0,"160":1,"161":0,"162":0,"163":0,"164":0,"165":1,"166":0,"167":0,"168":1,"169":0,"170":0,"171":1,"172":0,"173":0,"174":0,"175":0,"176":1,"177":0,"178":0,"179":0,"180":0,"181":0,"182":0,"183":0,"184":0,"185":0,"186":0,"187":0,"188":1,"189":0,"190":0,"191":0,"192":0,"193":0,"194":1,"195":0,"196":0,"197":0,"198":0,"199":0,"200":0,"201":0,"202":0,"203":0,"204":0,"205":0,"206":0,"207":0,"208":0,"209":0,"210":0,"211":0,"212":0,"213":1,"214":0,"215":1,"216":0,"217":1,"218":0,"219":1,"220":0,"221":0,"222":0,"223":0,"224":0,"225":0,"226":0,"227":0,"228":0,"229":0,"230":0,"231":0,"232":0,"233":0,"234":0,"235":0,"236":0,"237":0,"238":0,"239":0,"240":0,"241":0,"242":0,"243":0,"244":0,"245":0,"246":0,"247":0,"248":0,"249":0,"250":0,"251":0,"252":0,"253":0,"254":0,"255":0,"256":0,"257":0,"258":0,"259":0,"260":0,"261":0,"262":0,"263":0,"264":0,"265":0,"266":0,"267":0,"268":0,"269":0,"270":0,"271":0,"272":0,"273":0,"274":0,"275":0,"276":0,"277":0,"278":0,"279":0,"280":0,"281":0,"282":0,"283":0,"284":0,"285":0,"286":0,"287":0,"288":0,"289":0,"290":0,"291":0,"292":0,"293":0,"294":0,"295":0,"296":0,"297":0,"298":0,"299":0,"300":0,"301":0,"302":0,"303":0,"304":0,"305":0,"306":0,"307":0,"308":0,"309":0,"310":0,"311":0,"312":0,"313":0},"fnMap":{"1":{"name":"(anonymous_1)","line":1,"loc":{"start":{"line":1,"column":2},"end":{"line":1,"column":26}}},"2":{"name":"(anonymous_2)","line":9,"loc":{"start":{"line":9,"column":8},"end":{"line":9,"column":19}}},"3":{"name":"get","line":12,"loc":{"start":{"line":12,"column":11},"end":{"line":12,"column":52}}},"4":{"name":"(anonymous_4)","line":14,"loc":{"start":{"line":14,"column":19},"end":{"line":14,"column":31}}},"5":{"name":"defineProperties","line":14,"loc":{"start":{"line":14,"column":33},"end":{"line":14,"column":74}}},"6":{"name":"(anonymous_6)","line":14,"loc":{"start":{"line":14,"column":357},"end":{"line":14,"column":405}}},"7":{"name":"(anonymous_7)","line":16,"loc":{"start":{"line":16,"column":84},"end":{"line":16,"column":99}}},"8":{"name":"(anonymous_8)","line":16,"loc":{"start":{"line":16,"column":124},"end":{"line":16,"column":139}}},"9":{"name":"_possibleConstructorReturn","line":18,"loc":{"start":{"line":18,"column":0},"end":{"line":18,"column":48}}},"10":{"name":"_inherits","line":20,"loc":{"start":{"line":20,"column":0},"end":{"line":20,"column":41}}},"11":{"name":"_classCallCheck","line":22,"loc":{"start":{"line":22,"column":0},"end":{"line":22,"column":48}}},"12":{"name":"_pad","line":25,"loc":{"start":{"line":25,"column":0},"end":{"line":25,"column":24}}},"13":{"name":"_extend","line":30,"loc":{"start":{"line":30,"column":0},"end":{"line":30,"column":22}}},"14":{"name":"_loop","line":41,"loc":{"start":{"line":41,"column":18},"end":{"line":41,"column":35}}},"15":{"name":"(anonymous_15)","line":45,"loc":{"start":{"line":45,"column":50},"end":{"line":45,"column":65}}},"16":{"name":"_isPlainObject","line":74,"loc":{"start":{"line":74,"column":0},"end":{"line":74,"column":29}}},"17":{"name":"_isArray","line":79,"loc":{"start":{"line":79,"column":0},"end":{"line":79,"column":23}}},"18":{"name":"_clone","line":84,"loc":{"start":{"line":84,"column":0},"end":{"line":84,"column":21}}},"19":{"name":"(anonymous_19)","line":92,"loc":{"start":{"line":92,"column":16},"end":{"line":92,"column":28}}},"20":{"name":"(anonymous_20)","line":95,"loc":{"start":{"line":95,"column":46},"end":{"line":95,"column":61}}},"21":{"name":"_registerValueHandler","line":117,"loc":{"start":{"line":117,"column":0},"end":{"line":117,"column":56}}},"22":{"name":"getValueHandler","line":166,"loc":{"start":{"line":166,"column":0},"end":{"line":166,"column":63}}},"23":{"name":"_getValueHandler","line":170,"loc":{"start":{"line":170,"column":0},"end":{"line":170,"column":43}}},"24":{"name":"_buildSquel","line":183,"loc":{"start":{"line":183,"column":0},"end":{"line":183,"column":23}}},"25":{"name":"isSquelBuilder","line":188,"loc":{"start":{"line":188,"column":20},"end":{"line":188,"column":49}}},"26":{"name":"_shouldApplyNesting","line":194,"loc":{"start":{"line":194,"column":28},"end":{"line":194,"column":62}}},"27":{"name":"(anonymous_27)","line":248,"loc":{"start":{"line":248,"column":29},"end":{"line":248,"column":54}}},"28":{"name":"(anonymous_28)","line":261,"loc":{"start":{"line":261,"column":18},"end":{"line":261,"column":30}}},"29":{"name":"_class","line":262,"loc":{"start":{"line":262,"column":4},"end":{"line":262,"column":22}}},"30":{"name":"clone","line":272,"loc":{"start":{"line":272,"column":13},"end":{"line":272,"column":30}}},"31":{"name":"(anonymous_31)","line":283,"loc":{"start":{"line":283,"column":20},"end":{"line":283,"column":46}}},"32":{"name":"_class2","line":291,"loc":{"start":{"line":291,"column":4},"end":{"line":291,"column":30}}},"33":{"name":"registerValueHandler","line":311,"loc":{"start":{"line":311,"column":13},"end":{"line":311,"column":58}}},"34":{"name":"_sanitizeExpression","line":322,"loc":{"start":{"line":322,"column":13},"end":{"line":322,"column":48}}},"35":{"name":"_sanitizeName","line":342,"loc":{"start":{"line":342,"column":13},"end":{"line":342,"column":49}}},"36":{"name":"_sanitizeField","line":351,"loc":{"start":{"line":351,"column":13},"end":{"line":351,"column":43}}},"37":{"name":"_sanitizeBaseBuilder","line":360,"loc":{"start":{"line":360,"column":13},"end":{"line":360,"column":49}}},"38":{"name":"_sanitizeTable","line":369,"loc":{"start":{"line":369,"column":13},"end":{"line":369,"column":43}}},"39":{"name":"_sanitizeTableAlias","line":384,"loc":{"start":{"line":384,"column":13},"end":{"line":384,"column":48}}},"40":{"name":"_sanitizeFieldAlias","line":389,"loc":{"start":{"line":389,"column":13},"end":{"line":389,"column":48}}},"41":{"name":"_sanitizeLimitOffset","line":397,"loc":{"start":{"line":397,"column":13},"end":{"line":397,"column":50}}},"42":{"name":"_sanitizeValue","line":411,"loc":{"start":{"line":411,"column":13},"end":{"line":411,"column":43}}},"43":{"name":"_escapeValue","line":435,"loc":{"start":{"line":435,"column":13},"end":{"line":435,"column":42}}},"44":{"name":"_formatTableName","line":440,"loc":{"start":{"line":440,"column":13},"end":{"line":440,"column":45}}},"45":{"name":"_formatFieldAlias","line":451,"loc":{"start":{"line":451,"column":13},"end":{"line":451,"column":46}}},"46":{"name":"_formatTableAlias","line":462,"loc":{"start":{"line":462,"column":13},"end":{"line":462,"column":46}}},"47":{"name":"_formatFieldName","line":473,"loc":{"start":{"line":473,"column":13},"end":{"line":473,"column":45}}},"48":{"name":"(anonymous_48)","line":479,"loc":{"start":{"line":479,"column":11},"end":{"line":479,"column":23}}},"49":{"name":"(anonymous_49)","line":487,"loc":{"start":{"line":487,"column":41},"end":{"line":487,"column":54}}},"50":{"name":"_formatCustomValue","line":502,"loc":{"start":{"line":502,"column":13},"end":{"line":502,"column":76}}},"51":{"name":"_formatValueForParamArray","line":533,"loc":{"start":{"line":533,"column":13},"end":{"line":533,"column":55}}},"52":{"name":"(anonymous_52)","line":539,"loc":{"start":{"line":539,"column":27},"end":{"line":539,"column":40}}},"53":{"name":"_formatValueForQueryString","line":553,"loc":{"start":{"line":553,"column":13},"end":{"line":553,"column":63}}},"54":{"name":"(anonymous_54)","line":578,"loc":{"start":{"line":578,"column":28},"end":{"line":578,"column":41}}},"55":{"name":"_applyNestingFormatting","line":612,"loc":{"start":{"line":612,"column":13},"end":{"line":612,"column":51}}},"56":{"name":"_buildString","line":663,"loc":{"start":{"line":663,"column":13},"end":{"line":663,"column":48}}},"57":{"name":"(anonymous_57)","line":694,"loc":{"start":{"line":694,"column":35},"end":{"line":694,"column":52}}},"58":{"name":"(anonymous_58)","line":702,"loc":{"start":{"line":702,"column":41},"end":{"line":702,"column":53}}},"59":{"name":"(anonymous_59)","line":708,"loc":{"start":{"line":708,"column":32},"end":{"line":708,"column":47}}},"60":{"name":"_buildManyStrings","line":749,"loc":{"start":{"line":749,"column":13},"end":{"line":749,"column":60}}},"61":{"name":"(anonymous_61)","line":769,"loc":{"start":{"line":769,"column":25},"end":{"line":769,"column":42}}},"62":{"name":"_toParamString","line":793,"loc":{"start":{"line":793,"column":13},"end":{"line":793,"column":46}}},"63":{"name":"toString","line":804,"loc":{"start":{"line":804,"column":13},"end":{"line":804,"column":33}}},"64":{"name":"toParam","line":817,"loc":{"start":{"line":817,"column":13},"end":{"line":817,"column":32}}},"65":{"name":"(anonymous_65)","line":848,"loc":{"start":{"line":848,"column":19},"end":{"line":848,"column":47}}},"66":{"name":"_class3","line":853,"loc":{"start":{"line":853,"column":4},"end":{"line":853,"column":30}}},"67":{"name":"and","line":867,"loc":{"start":{"line":867,"column":13},"end":{"line":867,"column":32}}},"68":{"name":"or","line":887,"loc":{"start":{"line":887,"column":13},"end":{"line":887,"column":31}}},"69":{"name":"_toParamString","line":904,"loc":{"start":{"line":904,"column":13},"end":{"line":904,"column":39}}},"70":{"name":"(anonymous_70)","line":937,"loc":{"start":{"line":937,"column":27},"end":{"line":937,"column":44}}},"71":{"name":"(anonymous_71)","line":981,"loc":{"start":{"line":981,"column":13},"end":{"line":981,"column":42}}},"72":{"name":"_class4","line":984,"loc":{"start":{"line":984,"column":4},"end":{"line":984,"column":32}}},"73":{"name":"when","line":1010,"loc":{"start":{"line":1010,"column":13},"end":{"line":1010,"column":39}}},"74":{"name":"then","line":1024,"loc":{"start":{"line":1024,"column":13},"end":{"line":1024,"column":35}}},"75":{"name":"_else","line":1035,"loc":{"start":{"line":1035,"column":13},"end":{"line":1035,"column":39}}},"76":{"name":"_toParamString","line":1042,"loc":{"start":{"line":1042,"column":13},"end":{"line":1042,"column":39}}},"77":{"name":"(anonymous_77)","line":1067,"loc":{"start":{"line":1067,"column":31},"end":{"line":1067,"column":48}}},"78":{"name":"(anonymous_78)","line":1128,"loc":{"start":{"line":1128,"column":14},"end":{"line":1128,"column":43}}},"79":{"name":"_class5","line":1131,"loc":{"start":{"line":1131,"column":4},"end":{"line":1131,"column":30}}},"80":{"name":"exposedMethods","line":1150,"loc":{"start":{"line":1150,"column":13},"end":{"line":1150,"column":39}}},"81":{"name":"(anonymous_81)","line":1156,"loc":{"start":{"line":1156,"column":50},"end":{"line":1156,"column":66}}},"82":{"name":"(anonymous_82)","line":1173,"loc":{"start":{"line":1173,"column":20},"end":{"line":1173,"column":42}}},"83":{"name":"_class6","line":1176,"loc":{"start":{"line":1176,"column":4},"end":{"line":1176,"column":35}}},"84":{"name":"_toParamString","line":1187,"loc":{"start":{"line":1187,"column":13},"end":{"line":1187,"column":39}}},"85":{"name":"(anonymous_85)","line":1201,"loc":{"start":{"line":1201,"colum
[...]
eBlock(_extend({}, options, {","        singleTable: true","      })), new cls.JoinBlock(options), new cls.WhereBlock(options), new cls.OrderByBlock(options), new cls.LimitBlock(options), new cls.ReturningBlock(options)];","","      return _possibleConstructorReturn(this, Object.getPrototypeOf(_class56).call(this, options, blocks));","    }","","    return _class56;","  }(cls.QueryBuilder);","};","return squel;","}));",""],"l":{"1":1,"2":1,"3":0,"4":1,"5":1,"7":0,"12":1,"14":91,"16":1,"18":1,"20":32,"22":1,"25":1,"26":0,"30":1,"31":0,"32":0,"35":0,"36":0,"37":0,"38":0,"40":0,"41":0,"42":0,"44":0,"45":0,"46":0,"51":0,"52":0,"55":0,"56":0,"58":0,"59":0,"60":0,"63":0,"64":0,"70":0,"74":1,"75":0,"79":1,"80":0,"84":1,"85":0,"86":0,"89":0,"90":0,"91":0,"92":0,"93":0,"95":0,"96":0,"97":0,"101":0,"106":0,"108":0,"117":1,"118":1,"120":1,"121":0,"124":1,"125":0,"128":1,"129":1,"130":1,"132":1,"133":1,"134":0,"136":0,"137":0,"139":0,"143":0,"144":0,"146":1,"147":1,"148":0,"151":1,"152":0,"157":1,"166":1,"167":0,"170":1,"171":0,"172":0,"174":0,"175":0,"183":1,"184":1,"186":1,"189":0,"194":1,"195":0,"199":1,"237":1,"248":1,"249":1,"261":1,"262":1,"263":0,"266":1,"273":0,"275":0,"279":1,"283":1,"284":1,"291":1,"292":0,"294":0,"296":0,"298":0,"299":0,"309":1,"312":0,"313":0,"324":0,"326":0,"327":0,"331":0,"343":0,"344":0,"347":0,"352":0,"353":0,"356":0,"361":0,"362":0,"365":0,"370":0,"371":0,"372":0,"374":0,"377":0,"380":0,"385":0,"390":0,"398":0,"400":0,"401":0,"404":0,"412":0,"414":0,"416":0,"418":0,"421":0,"423":0,"424":0,"428":0,"436":0,"441":0,"442":0,"444":0,"447":0,"452":0,"453":0,"455":0,"458":0,"463":0,"464":0,"466":0,"469":0,"474":0,"476":0,"478":0,"479":0,"480":0,"482":0,"484":0,"487":0,"489":0,"495":0,"504":0,"507":0,"508":0,"511":0,"512":0,"520":0,"534":0,"536":0,"538":0,"539":0,"540":0,"543":0,"554":0,"556":0,"560":0,"562":0,"563":0,"564":0,"568":0,"569":0,"570":0,"572":0,"577":0,"578":0,"579":0,"582":0,"584":0,"586":0,"587":0,"588":0,"589":0,"590":0,"591":0,"592":0,"594":0,"595":0,"598":0,"599":0,"601":0,"603":0,"608":0,"613":0,"615":0,"617":0,"619":0,"621":0,"624":0,"625":0,"627":0,"628":0,"629":0,"630":0,"631":0,"632":0,"634":0,"640":0,"641":0,"645":0,"664":0,"665":0,"666":0,"667":0,"670":0,"671":0,"673":0,"677":0,"679":0,"681":0,"683":0,"684":0,"686":0,"687":0,"688":0,"693":0,"694":0,"695":0,"698":0,"700":0,"702":0,"703":0,"706":0,"708":0,"709":0,"712":0,"714":0,"718":0,"721":0,"723":0,"725":0,"729":0,"750":0,"752":0,"755":0,"756":0,"759":0,"764":0,"765":0,"768":0,"769":0,"770":0,"774":0,"776":0,"794":0,"805":0,"807":0,"818":0,"820":0,"826":1,"848":1,"849":1,"853":1,"854":0,"856":0,"858":0,"859":0,"865":1,"868":0,"869":0,"872":0,"874":0,"880":0,"888":0,"889":0,"892":0,"894":0,"900":0,"905":0,"907":0,"910":0,"911":0,"912":0,"914":0,"915":0,"916":0,"917":0,"918":0,"919":0,"921":0,"928":0,"929":0,"932":0,"933":0,"936":0,"937":0,"938":0,"942":0,"943":0,"945":0,"946":0,"947":0,"950":0,"951":0,"956":0,"958":0,"965":1,"981":1,"982":1,"984":1,"985":0,"987":0,"989":0,"991":0,"992":0,"994":0,"997":0,"998":0,"1001":0,"1003":0,"1004":0,"1005":0,"1008":1,"1011":0,"1012":0,"1015":0,"1020":0,"1025":0,"1026":0,"1029":0,"1031":0,"1036":0,"1038":0,"1043":0,"1045":0,"1048":0,"1049":0,"1050":0,"1052":0,"1053":0,"1054":0,"1055":0,"1056":0,"1057":0,"1059":0,"1061":0,"1066":0,"1067":0,"1068":0,"1072":0,"1073":0,"1075":0,"1076":0,"1077":0,"1080":0,"1081":0,"1086":0,"1087":0,"1089":0,"1090":0,"1093":0,"1095":0,"1098":0,"1105":1,"1128":1,"1129":1,"1131":1,"1132":0,"1134":0,"1148":1,"1151":0,"1153":0,"1155":0,"1156":0,"1157":0,"1158":0,"1162":0,"1165":0,"1169":1,"1173":1,"1174":1,"1176":1,"1177":0,"1179":0,"1181":0,"1182":0,"1185":1,"1188":0,"1190":0,"1197":1,"1201":1,"1202":1,"1204":1,"1205":0,"1207":0,"1209":0,"1210":0,"1211":0,"1214":1,"1217":0,"1219":0,"1220":0,"1223":0,"1228":0,"1230":0,"1234":1,"1238":1,"1239":0,"1241":0,"1247":1,"1248":1,"1255":1,"1256":0,"1258":0,"1260":0,"1261":0,"1273":1,"1276":0,"1278":0,"1279":0,"1281":0,"1282":0,"1285":0,"1296":0,"1306":0,"1308":0,"1311":0,"1313":0,"1314":0,"1315":0,"1317":0,"1318":0,"1319":0,"1320":0,"1321":0,"1323":0,"1325":0,"1327":0,"1328":0,"1333":0,"1334":0,"1337":0,"1338":0,"1339":0,"1342":0,"1345":0,"1346":0,"1349":0,"1352":0,"1353":0,"1355":0,"1356":0,"1357":0,"1360":0,"1361":0,"1366":0,"1367":0,"1371":0,"1378":1,"1382":1,"1383":1,"1385":1,"1386":0,"1388":0,"1391":1,"1394":0,"1398":1,"1402":1,"1403":1,"1405":1,"1406":0,"1408":0,"1411":1,"1414":0,"1416":0,"1421":0,"1423":0,"1424":0,"1427":0,"1431":1,"1435":1,"1436":1,"1438":1,"1439":0,"1441":0,"1446":1,"1449":0,"1451":0,"1455":1,"1459":1,"1460":1,"1462":1,"1463":0,"1465":0,"1471":1,"1474":0,"1479":0,"1481":0,"1482":0,"1485":0,"1489":1,"1493":1,"1494":1,"1496":1,"1497":0,"1499":0,"1501":0,"1502":0,"1517":1,"1520":0,"1522":0,"1523":0,"1524":0,"1525":0,"1527":0,"1528":0,"1529":0,"1531":0,"1534":0,"1535":0,"1537":0,"1538":0,"1539":0,"1542":0,"1543":0,"1548":0,"1549":0,"1551":0,"1570":0,"1571":0,"1573":0,"1574":0,"1577":0,"1578":0,"1580":0,"1581":0,"1584":0,"1593":0,"1594":0,"1595":0,"1598":0,"1601":0,"1602":0,"1603":0,"1605":0,"1606":0,"1607":0,"1609":0,"1611":0,"1612":0,"1613":0,"1616":0,"1617":0,"1619":0,"1624":0,"1625":0,"1626":0,"1630":0,"1631":0,"1635":0,"1636":0,"1638":0,"1639":0,"1640":0,"1643":0,"1644":0,"1649":0,"1651":0,"1652":0,"1653":0,"1657":0,"1664":1,"1668":1,"1669":1,"1671":1,"1672":0,"1674":0,"1676":0,"1677":0,"1680":1,"1683":0,"1684":0,"1685":0,"1694":0,"1696":0,"1697":0,"1700":0,"1701":0,"1704":0,"1707":0,"1710":0,"1711":0,"1712":0,"1715":0,"1716":0,"1724":0,"1726":0,"1727":0,"1730":0,"1731":0,"1741":0,"1743":0,"1744":0,"1748":0,"1751":0,"1752":0,"1755":0,"1756":0,"1758":0,"1759":0,"1761":0,"1763":0,"1764":0,"1768":0,"1769":0,"1770":0,"1774":0,"1775":0,"1776":0,"1779":0,"1780":0,"1786":1,"1790":1,"1791":1,"1793":1,"1794":0,"1796":0,"1799":1,"1802":0,"1807":0,"1812":0,"1813":0,"1816":0,"1817":0,"1820":0,"1823":0,"1824":0,"1826":0,"1827":0,"1830":0,"1831":0,"1834":0,"1839":0,"1840":0,"1841":0,"1845":0,"1852":1,"1856":1,"1857":1,"1859":1,"1860":0,"1862":0,"1865":1,"1868":0,"1870":0,"1875":0,"1880":0,"1885":0,"1887":0,"1888":0,"1891":0,"1892":0,"1895":0,"1898":0,"1899":0,"1901":0,"1902":0,"1907":0,"1908":0,"1911":0,"1912":0,"1916":0,"1923":1,"1927":1,"1928":1,"1930":1,"1931":0,"1933":0,"1935":0,"1936":0,"1937":0,"1940":1,"1943":0,"1945":0,"1946":0,"1949":0,"1954":0,"1956":0,"1959":0,"1960":0,"1965":0,"1966":0,"1969":0,"1970":0,"1973":0,"1980":1,"1984":1,"1985":1,"1987":1,"1988":0,"1990":0,"1993":1,"1998":0,"2003":0,"2010":1,"2014":1,"2015":1,"2017":1,"2018":0,"2020":0,"2022":0,"2023":0,"2029":1,"2032":0,"2037":0,"2039":0,"2046":1,"2049":1,"2050":1,"2056":1,"2057":0,"2059":0,"2061":0,"2062":0,"2065":1,"2068":0,"2073":0,"2075":0,"2077":0,"2079":0,"2083":1,"2087":1,"2088":1,"2090":1,"2091":0,"2093":0,"2106":1,"2109":0,"2113":1,"2117":1,"2118":1,"2120":1,"2121":0,"2123":0,"2136":1,"2139":0,"2143":1,"2147":1,"2148":1,"2154":1,"2155":0,"2157":0,"2159":0,"2160":0,"2172":1,"2175":0,"2177":0,"2178":0,"2181":0,"2189":0,"2191":0,"2194":0,"2195":0,"2196":0,"2198":0,"2199":0,"2200":0,"2201":0,"2202":0,"2204":0,"2210":0,"2211":0,"2214":0,"2215":0,"2219":0,"2220":0,"2222":0,"2223":0,"2224":0,"2227":0,"2228":0,"2233":0,"2234":0,"2237":0,"2244":1,"2248":1,"2249":1,"2251":1,"2252":0,"2254":0,"2259":1,"2262":0,"2263":0,"2266":0,"2270":1,"2274":1,"2275":1,"2277":1,"2278":0,"2280":0,"2285":1,"2288":0,"2289":0,"2292":0,"2296":1,"2300":1,"2301":1,"2303":1,"2304":0,"2306":0,"2308":0,"2309":0,"2319":1,"2322":0,"2324":0,"2325":0,"2326":0,"2327":0,"2328":0,"2332":0,"2333":0,"2336":0,"2345":0,"2347":0,"2350":0,"2351":0,"2352":0,"2354":0,"2355":0,"2356":0,"2357":0,"2358":0,"2359":0,"2361":0,"2363":0,"2367":0,"2368":0,"2371":0,"2372":0,"2376":0,"2377":0,"2379":0,"2380":0,"2381":0,"2384":0,"2385":0,"2390":0,"2397":1,"2401":1,"2402":1,"2404":1,"2405":0,"2407":0,"2409":0,"2410":0,"2427":1,"2430":0,"2431":0,"2432":0,"2434":0,"2435":0,"2436":0,"2438":0,"2448":0,"2449":0,"2451":0,"2456":0,"2457":0,"2459":0,"2464":0,"2465":0,"2467":0,"2472":0,"2473":0,"2475":0,"2480":0,"2481":0,"2483":0,"2488":0,"2489":0,"2491":0,"2496":0,"2498":0,"2501":0,"2502":0,"2503":0,"2505":0,"2506":0,"2507":0,"2508":0,"2509":0,"2510":0,"2511":0,"2513":0,"2515":0,"2517":0,"2518":0,"2523":0,"2524":0,"2526":0,"2528":0,"2531":0,"2533":0,"2534":0,"2537":0,"2538":0,"2540":0,"2542":0,"2543":0,"2547":0,"2552":0,"2553":0,"2554":0,"2559":0,"2560":0,"2562":0,"2563":0,"2564":0,"2567":0,"2568":0,"2573":0,"2580":1,"2584":1,"2585":1,"2587":1,"2588":0,"2590":0,"2592":0,"2593":0,"2605":1,"2608":0,"2610":0,"2612":0,"2623":0,"2628":0,"2630":0,"2633":0,"2634":0,"2635":0,"2637":0,"2638":0,"2639":0,"2640":0,"2641":0,"2643":0,"2645":0,"2647":0,"2648":0,"2653":0,"2654":0,"2655":0,"2658":0,"2661":0,"2664":0,"2665":0,"2667":0,"2668":0,"2669":0,"2672":0,"2673":0,"2678":0,"2685":1,"2703":1,"2704":1,"2712":1,"2713":0,"2715":0,"2717":0,"2720":0,"2721":0,"2722":0,"2724":0,"2725":0,"2726":0,"2728":0,"2730":0,"2731":0,"2733":0,"2734":0,"2737":0,"2738":0,"2739":0,"2740":0,"2743":0,"2745":0,"2751":0,"2752":0,"2754":0,"2755":0,"2756":0,"2759":0,"2760":0,"2765":0,"2775":1,"2778":0,"2779":0,"2780":0,"2782":0,"2783":0,"2784":0,"2786":0,"2789":0,"2790":0,"2792":0,"2793":0,"2794":0,"2797":0,"2798":0,"2803":0,"2805":0,"2818":0,"2820":0,"2821":0,"2822":0,"2824":0,"2825":0,"2826":0,"2828":0,"2831":0,"2832":0,"2834":0,"2835":0,"2836":0,"2839":0,"2840":0,"2851":0,"2853":0,"2855":0,"2857":0,"2858":0,"2864":0,"2865":0,"2867":0,"2868":0,"2871":0,"2872":0,"2875":0,"2876":0,"2877":0,"2878":0,"2882":0,"2883":0,"2884":0,"2885":0,"2888":0,"2890":0,"2891":0,"2897":0,"2908":0,"2909":0,"2912":0,"2920":0,"2921":0,"2924":0,"2928":1,"2932":1,"2933":1,"2935":1,"2936":0,"2938":0,"2940":0,"2942":0,"2945":1,"2949":1,"2950":1,"2952":1,"2953":0,"2955":0,"2957":0,"2959":0,"2962":1,"2966":1,"2967":1,"2969":1,"2970":0,"2972":0,"2974":0,"2978":0,"2981":1,"2985":1,"2986":1,"2988":1,"2989":0,"2991":0,"2993":0,"2995":0,"2998":1,"3001":1,"3005":0,"3008":0,"3011":0,"3014":0,"3017":0,"3020":0,"3023":0,"3024":0,"3025":0,"3028":0,"3031":0,"3032":0,"3038":1,"3041":1,"3043":1,"3054":1,"3065":1,"3068":1,"3069":0,"3071":0,"3072":0,"3075":0,"3076":0,"3078":0,"3081":0,"3082":0,"3084":0,"3086":0,"3090":1,"3091":0,"3093":0,"3094":0,"3095":0,"3097":0,"3098":0,"3102":0,"3103":0,"3105":1,"3106":0,"3108":0,"3110":0,"3111":0,"3122":0,"3123":0,"3124":0,"3127":0,"3128":0,"3130":1,"3131":0,"3133":0,"3135":0,"3136":0,"3139":0,"3142":0,"3143":0,"3145":1,"3146":0,"3148":0,"3150":0,"3151":0,"3154":0,"3157":0,"3159":0,"3160":0,"3163":0,"3170":0,"3173":0,"3174":0,"3176":1,"3177":0,"3179":0,"3181":0,"3182":0,"3185":0,"3188":0,"3190":0,"3191":0,"3194":0,"3201":0,"3204":0,"3205":0,"3207":1,"3208":0,"3210":0,"3213":0,"3216":0,"3221":0,"3223":0,"3224":0,"3227":0,"3234":0,"3236":0,"3239":0,"3242":0,"3247":0,"3252":0,"3256":0,"3259":0,"3260":0,"3262":1,"3263":0,"3265":0,"3267":0,"3269":0,"3270":0,"3272":0,"3275":0,"3278":0,"3285":0,"3288":0,"3289":0,"3291":1,"3292":0,"3294":0,"3296":0,"3297":0,"3303":0,"3306":0,"3308":0,"3309":0,"3311":0,"3312":0,"3319":0,"3321":0,"3322":0,"3324":0,"3326":0,"3329":0,"3333":0,"3336":0,"3337":0,"3339":1,"3340":0,"3342":0,"3344":0,"3345":0,"3358":0,"3361":0,"3362":0,"3378":0,"3380":0,"3381":0,"3383":0,"3391":0,"3393":0,"3394":0,"3395":0,"3396":0,"3398":0,"3399":0,"3400":0,"3402":0,"3404":0,"3406":0,"3407":0,"3411":0,"3412":0,"3414":0,"3415":0,"3416":0,"3419":0,"3420":0,"3425":0,"3428":0,"3435":0,"3439":0,"3440":0,"3442":1,"3443":0,"3445":0,"3447":0,"3449":0,"3451":0,"3454":0,"3460":0,"3461":0,"3463":1,"3464":0,"3466":0,"3468":0,"3470":0,"3473":0,"3479":0,"3480":0,"3482":1,"3483":0,"3485":0,"3487":0,"3489":0,"3492":0,"3496":0,"3497":0,"3499":1,"3500":0,"3502":0,"3504":0,"3506":0,"3509":0,"3515":1,"3516":0,"3519":0,"3520":0,"3522":1,"3523":0,"3525":0,"3528":0,"3531":0,"3536":0,"3538":0,"3541":0,"3542":0,"3544":0,"3546":0,"3548":0,"3551":0,"3552":0,"3554":0,"3559":0,"3560":0,"3561":0,"3566":0,"3573":0,"3577":0,"3578":0,"3580":1,"3581":0,"3583":0,"3585":0,"3587":0,"3590":0,"3594":0,"3595":0,"3597":1,"3598":0,"3600":0,"3602":0,"3604":0,"3607":0,"3610":0,"3611":0,"3616":1,"3617":0,"3619":0,"3620":0,"3621":0,"3622":0,"3624":0,"3625":0,"3627":1,"3628":0,"3630":0,"3633":0,"3636":0,"3638":0,"3640":0,"3641":0,"3642":0,"3649":0,"3651":0,"3654":0,"3655":0,"3657":0,"3659":0,"3661":0,"3664":0,"3665":0,"3667":0,"3672":0,"3673":0,"3674":0,"3679":0,"3686":0,"3690":0,"3691":0,"3693":1,"3694":0,"3696":0,"3698":0,"3699":0,"3702":0,"3705":0,"3706":0,"3708":0,"3709":0,"3712":0,"3713":0,"3715":0,"3716":0,"3719":0,"3728":0,"3729":0,"3730":0,"3733":0,"3736":0,"3737":0,"3738":0,"3740":0,"3741":0,"3742":0,"3744":0,"3746":0,"3747":0,"3748":0,"3751":0,"3752":0,"3754":0,"3759":0,"3760":0,"3761":0,"3765":0,"3766":0,"3770":0,"3771":0,"3773":0,"3774":0,"3775":0,"3778":0,"3779":0,"3784":0,"3791":0,"3795":0,"3796":0,"3798":1,"3799":0,"3801":0,"3803":0,"3804":0,"3807":0,"3810":0,"3815":0,"3817":0,"3818":0,"3820":0,"3821":0,"3822":0,"3824":0,"3825":0,"3826":0,"3827":0,"3828":0,"3830":0,"3835":0,"3836":0,"3837":0,"3841":0,"3842":0,"3844":0,"3845":0,"3846":0,"3849":0,"3850":0,"3855":0,"3862":0,"3866":0,"3867":0,"3869":1,"3870":0,"3872":0,"3874":0,"3875":0,"3878":0,"3881":0,"3883":0,"3887":0,"3888":0,"3891":0,"3892":0,"3898":0,"3900":0,"3901":0,"3903":0,"3904":0,"3908":0,"3915":0,"3919":0,"3920":0,"3922":1,"3923":0,"3925":0,"3927":0,"3929":0,"3932":0,"3936":0,"3937":0,"3939":1,"3940":0,"3942":0,"3944":0,"3946":0,"3949":0,"3953":0,"3954":0,"3956":1,"3957":0,"3959":0,"3961":0,"3963":0,"3966":0,"3970":0,"3971":0,"3973":1,"3974":0,"3976":0,"3978":0,"3982":0,"3985":0,"3988":1}},"/home/travis/build/npmtest/node-npmtest-squel/node_modules/squel/gulpfile.js":{"path":"/home/travis/build/npmtest/node-npmtest-squel/node_modules/squel/gulpfile.js","s":{"1":2,"2":0,"3":0,"4":0,"5":0,"6":0,"7":0,"8":0,"9":0,"10":0,"11":0,"12":0,"13":0,"14":0,"15":0,"16":0,"17":0,"18":0,"19":0},"b":{"1":[0,0],"2":[0,0]},"f":{"1":0,"2":0,"3":0,"4":0,"5":0,"6":0,"7":0,"8":0,"9":0},"fnMap":{"1":{"name":"(anonymous_1)","line":23,"loc":{"start":{"line":23,"column":25},"end":{"line":23,"column":36}}},"2":{"name":"(anonymous_2)","line":34,"loc":{"start":{"line":34,"column":15},"end":{"line":34,"column":31}}},"3":{"name":"(anonymous_3)","line":37,"loc":{"start":{"line":37,"column":17},"end":{"line":37,"column":32}}},"4":{"name":"(anonymous_4)","line":49,"loc":{"start":{"line":49,"column":24},"end":{"line":49,"column":35}}},"5":{"name":"(anonymous_5)","line":62,"loc":{"start":{"line":62,"column":15},"end":{"line":62,"column":31}}},"6":{"name":"(anonymous_6)","line":65,"loc":{"start":{"line":65,"column":17},"end":{"line":65,"column":32}}},"7":{"name":"(anonymous_7)","line":80,"loc":{"start":{"line":80,"column":22},"end":{"line":80,"column":34}}},"8":{"name":"(anonymous_8)","line":87,"loc":{"start":{"line":87,"column":32},"end":{"line":87,"column":44}}},"9":{"name":"(anonymous_9)","line":115,"loc":{"start":{"line":115,"column":21},"end":{"line":115,"column":34}}}},"statementMap":{"1":{"start":{"line":1,"column":0},"end":{"line":1,"column":34}},"2":{"start":{"line":3,"column":0},"end":{"line":14,"column":31}},"3":{"start":{"line":17,"column":0},"end":{"line":17,"column":49}},"4":{"start":{"line":20,"column":0},"end":{"line":20,"column":56}},"5":{"start":{"line":23,"column":0},"end":{"line":46,"column":3}},"6":{"start":{"line":25,"column":2},"end":{"line":45,"column":32}},"7":{"start":{"line":35,"column":8},"end":{"line":35,"column":23}},"8":{"start":{"line":38,"column":8},"end":{"line":38,"column":23}},"9":{"start":{"line":49,"column":0},"end":{"line":74,"column":3}},"10":{"start":{"line":50,"column":2},"end":{"line":73,"column":32}},"11":{"start":{"line":63,"column":8},"end":{"line":63,"column":23}},"12":{"start":{"line":66,"column":8},"end":{"line":66,"column":23}},"13":{"start":{"line":77,"column":0},"end":{"line":77,"column":50}},"14":{"start":{"line":80,"column":0},"end":{"line":84,"column":3}},"15":{"start":{"line":81,"column":2},"end":{"line":83,"column":34}},"16":{"start":{"line":87,"column":0},"end":{"line":111,"column":3}},"17":{"start":{"line":88,"column":2},"end":{"line":110,"column":5}},"18":{"start":{"line":115,"column":0},"end":{"line":117,"column":3}},"19":{"start":{"line":116,"column":2},"end":{"line":116,"column":37}}},"branchMap":{"1":{"line":17,"type":"binary-expr","locations":[{"start":{"line":17,"column":17},"end":{"line":17,"column":30}},{"start":{"line":17,"column":34},"end":{"line":17,"column":48}}]},"2":{"line":88,"type":"binary-expr","locations":[{"start":{"line":88,"column":18},"end":{"line":88,"column":26}},{"start":{"line":88,"column":30},"end":{"line":101,"column":5}}]}},"code":["require('coffee-script/register');","","const gulp = require('gulp'),","  istanbul = require('gulp-istanbul'),","  umd = require('gulp-umd'),","  path = require('path'),","  concat = require('gulp-concat'),","  insert = require('gulp-insert'),","  mocha = require('gulp-mocha'),","  babel = require('gulp-babel'),","  replace = require('gulp-replace'),","  uglify = require('gulp-uglify'),","  runSequence = require('run-sequence'),","  argv = require('yargs').argv;","","","const onlyTest = argv.onlyTest || argv.limitTest;","","","const SQUEL_VERSION = require('./package.json').version;","","","gulp.task('build-basic', function() {","","  return gulp.src([","      './src/core.js',","    ])","    .pipe( concat('squel-basic.js') )","    .pipe( replace(/<<VERSION_STRING>>/i, SQUEL_VERSION) )","    .pipe( babel({","      presets: ['es2015']","    }) )","    .pipe( umd({","      exports: function (file) {","        return 'squel';","      },","      namespace: function(file) {","        return 'squel';","      }","    }))","    .pipe( gulp.dest('./dist') )","    .pipe( uglify() )","    .pipe( insert.prepend('/*! squel | https://github.com/hiddentao/squel | BSD license */') )","    .pipe( concat('squel-basic.min.js') )","    .pipe( gulp.dest('./dist') )","});","","","gulp.task('build-full', function() {","  return gulp.src([","      './src/core.js',","      './src/mssql.js',","      './src/mysql.js',","      './src/postgres.js',","    ])","    .pipe( concat('squel.js') )","    .pipe( replace(/<<VERSION_STRING>>/i, SQUEL_VERSION) )","    .pipe( babel({","      presets: ['es2015']","    }) )","    .pipe( umd({","      exports: function (file) {","        return 'squel';","      },","      namespace: function(file) {","        return 'squel';","      }","    }))","    .pipe( gulp.dest('./dist') )","    .pipe( uglify() )","    .pipe( insert.prepend('/*! squel | https://github.com/hiddentao/squel | BSD license */') )","    .pipe( concat('squel.min.js') )","    .pipe( gulp.dest('./dist') )","});","","","gulp.task('build', ['build-basic', 'build-full']);","","","gulp.task('pre-test', function () {","  return gulp.src(['dist/*.js'])","    .pipe(istanbul())","    .pipe(istanbul.hookRequire());","});","","","gulp.task('test', ['pre-test'], function () {","  return gulp.src(onlyTest || [","      './test/baseclasses.test.coffee',","      './test/blocks.test.coffee',","      './test/case.test.coffee',","      './test/custom.test.coffee',","      './test/delete.test.coffee',","      './test/expressions.test.coffee',","      './test/insert.test.coffee',","      './test/select.test.coffee',","      './test/update.test.coffee',","      './test/mssql.test.coffee',","      './test/mysql.test.coffee',","      './test/postgres.test.coffee',","    ], { read: false })","      .pipe(mocha({","        ui: 'exports',","        reporter: 'spec',","      }))","      .pipe(istanbul.writeReports({","        dir: './test-coverage',","      }))","      // .pipe(istanbul.enforceThresholds({ thresholds: { global: 90 } }))","    ;","});","","","","gulp.task('default', function(cb) {","  runSequence(['build'], 'test', cb);","});","","","",""],"l":{"1":2,"3":0,"17":0,"20":0,"23":0,"25":0,"35":0,"38":0,"49":0,"50":0,"63":0,"66":0,"77":0,"80":0,"81":0,"87":0,"88":0,"115":0,"116":0}}}